[>>][5bf71643ce2de213844413][DEFAULT][/testlink/install/installCheck.php][18/Nov/22 20:49:07]
[<<][5bf71643ce2de213844413][DEFAULT][/testlink/install/installCheck.php][18/Nov/22 20:49:07][18/Nov/22 20:49:07][took 0.019077 secs]
[>>][5bf71679459be656411590][DEFAULT][/testlink/install/installNewDB.php][18/Nov/22 20:50:01]
[<<][5bf71679459be656411590][DEFAULT][/testlink/install/installNewDB.php][18/Nov/22 20:50:01][18/Nov/22 20:50:24][took 23.659008 secs]
[>>][5bf7175bd0896484113743][DEFAULT][/testlink/index.php][18/Nov/22 20:53:47]
[<<][5bf7175bd0896484113743][DEFAULT][/testlink/index.php][18/Nov/22 20:53:47][18/Nov/22 20:53:48][took 0.083308 secs]
[>>][5bf7175c982ed185241628][DEFAULT][/testlink/login.php][18/Nov/22 20:53:48]
[<<][5bf7175c982ed185241628][DEFAULT][/testlink/login.php][18/Nov/22 20:53:48][18/Nov/22 20:53:48][took 0.023093 secs]
[>>][5bf7175c9e53f136432133][DEFAULT][/testlink/login.php][18/Nov/22 20:53:48]
	[18/Nov/22 20:53:48][L18N][<nosession>][GUI]
		string 'oauth_login' is not localized for locale 'es_ES'  - using en_GB
[<<][5bf7175c9e53f136432133][DEFAULT][/testlink/login.php][18/Nov/22 20:53:48][18/Nov/22 20:53:48][took 0.247484 secs]
[>>][5bf71761e6468349093515][DEFAULT][/testlink/login.php][18/Nov/22 20:53:53]
[<<][5bf71761e6468349093515][DEFAULT][/testlink/login.php][18/Nov/22 20:53:53][18/Nov/22 20:53:53][took 0.029492 secs]
[>>][5bf71761ee17a234871196][DEFAULT][/testlink/login.php][18/Nov/22 20:53:53]
[<<][5bf71761ee17a234871196][DEFAULT][/testlink/login.php][18/Nov/22 20:53:53][18/Nov/22 20:53:53][took 0.01449 secs]
[>>][5bf71761f29b7222458168][DEFAULT][/testlink/login.php][18/Nov/22 20:53:53]
[>>][5bf717629d0fd326789207][DEFAULT][/testlink/index.php][18/Nov/22 20:53:54]
[>>][5bf71762d7e9f373368235][DEFAULT][/testlink/lib/general/navBar.php][18/Nov/22 20:53:54]
[>>][5bf71762d8f2e031982651][DEFAULT][/testlink/lib/general/mainPage.php][18/Nov/22 20:53:54]
[>>][5bf7176391b7f794566558][DEFAULT][/testlink/lib/project/projectEdit.php][18/Nov/22 20:53:55]
[>>][5bf717d05cbbf007726899][DEFAULT][/testlink/lib/project/projectEdit.php][18/Nov/22 20:55:44]
[>>][5bf717d276a55171720798][DEFAULT][/testlink/lib/general/navBar.php][18/Nov/22 20:55:46]
[>>][5bf717d7cd254771091984][DEFAULT][/testlink/lib/usermanagement/userInfo.php][18/Nov/22 20:55:51]
[>>][5bf717fe671f4776178154][DEFAULT][/testlink/lib/usermanagement/userInfo.php][18/Nov/22 20:56:30]
[>>][5bf7180b64567675041859][DEFAULT][/testlink/lib/usermanagement/userInfo.php][18/Nov/22 20:56:43]
[>>][5bf7180ce9c03659051569][DEFAULT][/testlink/lib/general/navBar.php][18/Nov/22 20:56:44]
[>>][5bf71810f3834603437693][DEFAULT][/testlink/lib/usermanagement/userInfo.php][18/Nov/22 20:56:48]
[>>][5bf7181e8e5d4638945413][DEFAULT][/testlink/logout.php][18/Nov/22 20:57:02]
[<<][5bf7181e96881018722680][DEFAULT][/testlink/logout.php][18/Nov/22 20:57:02][18/Nov/22 20:57:02][took 0.049904 secs]
[>>][5bf7181f12a5e284148643][DEFAULT][/testlink/login.php][18/Nov/22 20:57:03]
[<<][5bf7181f12a5e284148643][DEFAULT][/testlink/login.php][18/Nov/22 20:57:03][18/Nov/22 20:57:03][took 0.013258 secs]
[>>][5bf7181f1671b979295770][DEFAULT][/testlink/login.php][18/Nov/22 20:57:03]
	[18/Nov/22 20:57:03][L18N][<nosession>][GUI]
		string 'oauth_login' is not localized for locale 'es_ES'  - using en_GB
[<<][5bf7181f1671b979295770][DEFAULT][/testlink/login.php][18/Nov/22 20:57:03][18/Nov/22 20:57:03][took 0.098612 secs]
[>>][5bf7182486f77339086256][DEFAULT][/testlink/login.php][18/Nov/22 20:57:08]
[<<][5bf7182486f77339086256][DEFAULT][/testlink/login.php][18/Nov/22 20:57:08][18/Nov/22 20:57:08][took 0.021175 secs]
[>>][5bf718248cbee478771548][DEFAULT][/testlink/login.php][18/Nov/22 20:57:08]
[<<][5bf718248cbee478771548][DEFAULT][/testlink/login.php][18/Nov/22 20:57:08][18/Nov/22 20:57:08][took 0.010824 secs]
[>>][5bf718248ff6a774380795][DEFAULT][/testlink/login.php][18/Nov/22 20:57:08]
[>>][5bf71825085ee365545302][DEFAULT][/testlink/index.php][18/Nov/22 20:57:09]
[>>][5bf71825521f1453425345][DEFAULT][/testlink/lib/general/navBar.php][18/Nov/22 20:57:09]
[>>][5bf7182553965844839315][DEFAULT][/testlink/lib/general/mainPage.php][18/Nov/22 20:57:09]
[>>][5bf7188e7438c583909079][DEFAULT][/testlink/index.php][18/Nov/22 20:58:54]
[>>][5bf7188eca0c8537424406][DEFAULT][/testlink/lib/general/navBar.php][18/Nov/22 20:58:54]
[>>][5bf7188ecb63a424524023][DEFAULT][/testlink/lib/general/mainPage.php][18/Nov/22 20:58:54]
[>>][5bf718d6752a5609929917][DEFAULT][/testlink/index.php][18/Nov/22 21:00:06]
[>>][5bf718d6c61ec039980423][DEFAULT][/testlink/lib/general/navBar.php][18/Nov/22 21:00:06]
[>>][5bf718d6c63e9523028388][DEFAULT][/testlink/lib/general/mainPage.php][18/Nov/22 21:00:06]
[>>][5bf718de67b66209980536][DEFAULT][/testlink/index.php][18/Nov/22 21:00:14]
[>>][5bf718deea44c229224246][DEFAULT][/testlink/lib/general/navBar.php][18/Nov/22 21:00:14]
[>>][5bf718deead33924293534][DEFAULT][/testlink/lib/general/mainPage.php][18/Nov/22 21:00:14]
[>>][5bf718ed287d2060440455][DEFAULT][/testlink/lib/plan/planView.php][18/Nov/22 21:00:29]
[>>][5bf718f014648477575285][DEFAULT][/testlink/lib/plan/planEdit.php][18/Nov/22 21:00:32]
[>>][5bf71926b3e57510625062][DEFAULT][/testlink/lib/plan/planEdit.php][18/Nov/22 21:01:26]
[>>][5bf7192f499dc547563979][DEFAULT][/testlink/lib/plan/planEdit.php][18/Nov/22 21:01:35]
[>>][5bf719353110b933757901][DEFAULT][/testlink/index.php][18/Nov/22 21:01:41]
[>>][5bf719357e6ea197120766][DEFAULT][/testlink/lib/general/navBar.php][18/Nov/22 21:01:41]
[>>][5bf719357e90b619520190][DEFAULT][/testlink/lib/general/mainPage.php][18/Nov/22 21:01:41]
[>>][5bf7194ac3b21136215900][DEFAULT][/testlink/lib/project/projectView.php][18/Nov/22 21:02:02]
[>>][5bf7194e37393015017138][DEFAULT][/testlink/lib/general/mainPage.php][18/Nov/22 21:02:06]
[>>][5bf7195084683599287666][DEFAULT][/testlink/lib/usermanagement/usersAssign.php][18/Nov/22 21:02:08]
[>>][5bf71955859ed330662356][DEFAULT][/testlink/lib/general/mainPage.php][18/Nov/22 21:02:13]
[>>][5bf7195a1eeb8008314200][DEFAULT][/testlink/lib/usermanagement/usersView.php][18/Nov/22 21:02:18]
[>>][5bf7195fbbea2512447585][DEFAULT][/testlink/lib/general/mainPage.php][18/Nov/22 21:02:23]
[>>][5bf719634a8a3672441505][DEFAULT][/lib/cfields/cfieldsTprojectAssign.php][18/Nov/22 21:02:27]
[>>][5bf719663d1c5948122835][DEFAULT][/testlink/lib/general/mainPage.php][18/Nov/22 21:02:30]
[>>][5bf7196922e9f733783978][DEFAULT][/testlink/lib/keywords/keywordsView.php][18/Nov/22 21:02:33]
[>>][5bf7199b35bb0885878758][DEFAULT][/testlink/lib/keywords/keywordsEdit.php][18/Nov/22 21:03:23]
[>>][5bf7199fea8d6162106019][DEFAULT][/testlink/lib/keywords/keywordsView.php][18/Nov/22 21:03:27]
[>>][5bf719a2425b4275122732][DEFAULT][/testlink/lib/keywords/keywordsEdit.php][18/Nov/22 21:03:30]
[>>][5bf719a84fdd4167134210][DEFAULT][/testlink/lib/keywords/keywordsView.php][18/Nov/22 21:03:36]
[>>][5bf719a9592e7030713447][DEFAULT][/testlink/lib/general/mainPage.php][18/Nov/22 21:03:37]
[>>][5bf719adbf2a8551127155][DEFAULT][/testlink/lib/inventory/inventoryView.php][18/Nov/22 21:03:41]
[>>][5bf719aeb6ad2760224551][DEFAULT][/testlink/lib/inventory/getInventory.php][18/Nov/22 21:03:42]
[>>][5bf719aebda75336128068][DEFAULT][/testlink/lib/ajax/getUsersWithRight.php][18/Nov/22 21:03:42]
[>>][5bf719d30ca7a923851500][DEFAULT][/testlink/lib/general/mainPage.php][18/Nov/22 21:04:19]
[>>][5bf719d5c1c88645727519][DEFAULT][/testlink/lib/general/frmWorkArea.php][18/Nov/22 21:04:21]
[>>][5bf719d62506a600513397][DEFAULT][/testlink/lib/testcases/listTestCases.php][18/Nov/22 21:04:22]
[>>][5bf719d628968112906570][DEFAULT][/testlink/lib/testcases/archiveData.php][18/Nov/22 21:04:22]
[>>][5bf719d7b9b77622918894][DEFAULT][/testlink/lib/ajax/gettprojectnodes.php][18/Nov/22 21:04:23]
[>>][5bf719dc8547f118352638][DEFAULT][/testlink/lib/testcases/archiveData.php][18/Nov/22 21:04:28]
[>>][5bf719dfd44e1626513886][DEFAULT][/testlink/lib/testcases/archiveData.php][18/Nov/22 21:04:31]
[>>][5bf719e23974c343666220][DEFAULT][/testlink/index.php][18/Nov/22 21:04:34]
[>>][5bf719e2bc3ea223408725][DEFAULT][/testlink/lib/general/navBar.php][18/Nov/22 21:04:34]
[>>][5bf719e2bdb79174772390][DEFAULT][/testlink/lib/general/mainPage.php][18/Nov/22 21:04:34]
[>>][5bf719e70039d912317059][DEFAULT][/testlink/lib/plan/buildView.php][18/Nov/22 21:04:39]
[>>][5bf719ef17f08956053809][DEFAULT][/testlink/lib/plan/buildEdit.php][18/Nov/22 21:04:47]
[>>][5bf719fcae27f846939777][DEFAULT][/testlink/lib/plan/buildEdit.php][18/Nov/22 21:05:00]
[>>][5bf71a001b990563556412][DEFAULT][/testlink/index.php][18/Nov/22 21:05:04]
[>>][5bf71a0092b17730146089][DEFAULT][/testlink/lib/general/navBar.php][18/Nov/22 21:05:04]
[>>][5bf71a0092b7f349225298][DEFAULT][/testlink/lib/general/mainPage.php][18/Nov/22 21:05:04]
[>>][5bf71a0e37ea3238284599][DEFAULT][/results/tcCreatedPerUserOnTestProject.php][18/Nov/22 21:05:18]
[>>][5bf71a10e9319218360948][DEFAULT][/testlink/index.php][18/Nov/22 21:05:20]
[>>][5bf71a1144f54120066361][DEFAULT][/testlink/lib/general/mainPage.php][18/Nov/22 21:05:21]
[>>][5bf71a1144fea913268235][DEFAULT][/testlink/lib/general/navBar.php][18/Nov/22 21:05:21]
[>>][5bf71a1396674719108242][DEFAULT][/testlink/lib/general/frmWorkArea.php][18/Nov/22 21:05:23]
[>>][5bf71a13d38a6453025930][DEFAULT][/testlink/lib/testcases/archiveData.php][18/Nov/22 21:05:23]
[>>][5bf71a13d360e479355882][DEFAULT][/testlink/lib/testcases/listTestCases.php][18/Nov/22 21:05:23]
[>>][5bf71a15285fd341806759][DEFAULT][/testlink/lib/ajax/gettprojectnodes.php][18/Nov/22 21:05:25]
[>>][5bf71a1b4b951535691899][DEFAULT][/testlink/lib/testcases/archiveData.php][18/Nov/22 21:05:31]
[>>][5bf71a1ece62a444163337][DEFAULT][/testlink/lib/testcases/containerEdit.php][18/Nov/22 21:05:34]
[>>][5bf71a460edac423707995][DEFAULT][/testlink/index.php][18/Nov/22 21:06:14]
[>>][5bf71a466213d278038591][DEFAULT][/testlink/lib/general/navBar.php][18/Nov/22 21:06:14]
[>>][5bf71a4662a8e962697052][DEFAULT][/testlink/lib/general/mainPage.php][18/Nov/22 21:06:14]
