	[18/Nov/22 20:53:54][AUDIT][ssu994jf6je288n87hv8fcvvrj][GUI]
		Login for 'admin' from '::1' succeeded
[<<][5bf71761f29b7222458168][DEFAULT][/testlink/login.php][18/Nov/22 20:53:53][18/Nov/22 20:53:54][took 0.2179 secs]
[<<][5bf717629d0fd326789207][DEFAULT][/testlink/index.php][18/Nov/22 20:53:54][18/Nov/22 20:53:54][took 0.011496 secs]
[>>][5bf71762a0870611183372][DEFAULT][/testlink/index.php][18/Nov/22 20:53:54]
[<<][5bf71762a0870611183372][DEFAULT][/testlink/index.php][18/Nov/22 20:53:54][18/Nov/22 20:53:54][took 0.029308 secs]
[<<][5bf71762d7e9f373368235][DEFAULT][/testlink/lib/general/navBar.php][18/Nov/22 20:53:54][18/Nov/22 20:53:54][took 0.018554 secs]
[>>][5bf71762dd316579942650][DEFAULT][/testlink/lib/general/navBar.php][18/Nov/22 20:53:54]
[<<][5bf71762dd316579942650][DEFAULT][/testlink/lib/general/navBar.php][18/Nov/22 20:53:54][18/Nov/22 20:53:54][took 0.007666 secs]
[>>][5bf71762df94f618481532][DEFAULT][/testlink/lib/general/navBar.php][18/Nov/22 20:53:54]
[<<][5bf71762df94f618481532][DEFAULT][/testlink/lib/general/navBar.php][18/Nov/22 20:53:54][18/Nov/22 20:53:55][took 0.15866 secs]
[<<][5bf71762d8f2e031982651][DEFAULT][/testlink/lib/general/mainPage.php][18/Nov/22 20:53:54][18/Nov/22 20:53:55][took 0.200431 secs]
[>>][5bf7176316642937947842][DEFAULT][/testlink/lib/general/mainPage.php][18/Nov/22 20:53:55]
[<<][5bf7176316642937947842][DEFAULT][/testlink/lib/general/mainPage.php][18/Nov/22 20:53:55][18/Nov/22 20:53:55][took 0.008491 secs]
[>>][5bf71763190fa097700682][DEFAULT][/testlink/lib/general/mainPage.php][18/Nov/22 20:53:55]
[<<][5bf71763190fa097700682][DEFAULT][/testlink/lib/general/mainPage.php][18/Nov/22 20:53:55][18/Nov/22 20:53:55][took 0.037573 secs]
[<<][5bf7176391b7f794566558][DEFAULT][/testlink/lib/project/projectEdit.php][18/Nov/22 20:53:55][18/Nov/22 20:53:55][took 0.045849 secs]
[>>][5bf717639d61f585959031][DEFAULT][/testlink/lib/project/projectEdit.php][18/Nov/22 20:53:55]
[<<][5bf717639d61f585959031][DEFAULT][/testlink/lib/project/projectEdit.php][18/Nov/22 20:53:55][18/Nov/22 20:53:55][took 0.0082140000000001 secs]
[>>][5bf717639fe34250711841][DEFAULT][/testlink/lib/project/projectEdit.php][18/Nov/22 20:53:55]
[<<][5bf717639fe34250711841][DEFAULT][/testlink/lib/project/projectEdit.php][18/Nov/22 20:53:55][18/Nov/22 20:53:55][took 0.197558 secs]
[<<][5bf717d05cbbf007726899][DEFAULT][/testlink/lib/project/projectEdit.php][18/Nov/22 20:55:44][18/Nov/22 20:55:44][took 0.041213 secs]
[>>][5bf717d067af6048843199][DEFAULT][/testlink/lib/project/projectEdit.php][18/Nov/22 20:55:44]
[<<][5bf717d067af6048843199][DEFAULT][/testlink/lib/project/projectEdit.php][18/Nov/22 20:55:44][18/Nov/22 20:55:44][took 0.007412 secs]
[>>][5bf717d069f65668649578][DEFAULT][/testlink/lib/project/projectEdit.php][18/Nov/22 20:55:44]
	[18/Nov/22 20:55:44][AUDIT][ssu994jf6je288n87hv8fcvvrj][GUI - Test Project ID : 1]
		Test Project 'ArtMarVal' was created
[<<][5bf717d069f65668649578][DEFAULT][/testlink/lib/project/projectEdit.php][18/Nov/22 20:55:44][18/Nov/22 20:55:45][took 0.801073 secs]
[<<][5bf717d276a55171720798][DEFAULT][/testlink/lib/general/navBar.php][18/Nov/22 20:55:46][18/Nov/22 20:55:46][took 0.016358 secs]
[>>][5bf717d27b5c8627306351][DEFAULT][/testlink/lib/general/navBar.php][18/Nov/22 20:55:46]
[<<][5bf717d27b5c8627306351][DEFAULT][/testlink/lib/general/navBar.php][18/Nov/22 20:55:46][18/Nov/22 20:55:46][took 0.011724 secs]
[>>][5bf717d27ef4d554828254][DEFAULT][/testlink/lib/general/navBar.php][18/Nov/22 20:55:46]
[<<][5bf717d27ef4d554828254][DEFAULT][/testlink/lib/general/navBar.php][18/Nov/22 20:55:46][18/Nov/22 20:55:46][took 0.02061 secs]
[<<][5bf717d7cd254771091984][DEFAULT][/testlink/lib/usermanagement/userInfo.php][18/Nov/22 20:55:51][18/Nov/22 20:55:51][took 0.051813 secs]
[>>][5bf717d7da803275587908][DEFAULT][/testlink/lib/usermanagement/userInfo.php][18/Nov/22 20:55:51]
[<<][5bf717d7da803275587908][DEFAULT][/testlink/lib/usermanagement/userInfo.php][18/Nov/22 20:55:51][18/Nov/22 20:55:51][took 0.010804 secs]
[>>][5bf717d7ddb0d930883075][DEFAULT][/testlink/lib/usermanagement/userInfo.php][18/Nov/22 20:55:51]
	[18/Nov/22 20:55:52][WARNING][ssu994jf6je288n87hv8fcvvrj][GUI - Test Project ID : 1]
		E_WARNING
A non-numeric value encountered - in C:\xampp\htdocs\testlink\locale\ja_JP\strings.txt - Line 2045
	[18/Nov/22 20:55:52][WARNING][ssu994jf6je288n87hv8fcvvrj][GUI - Test Project ID : 1]
		E_WARNING
A non-numeric value encountered - in C:\xampp\htdocs\testlink\locale\ja_JP\strings.txt - Line 2045
	[18/Nov/22 20:55:52][WARNING][ssu994jf6je288n87hv8fcvvrj][GUI - Test Project ID : 1]
		E_WARNING
A non-numeric value encountered - in C:\xampp\htdocs\testlink\locale\ja_JP\strings.txt - Line 2046
	[18/Nov/22 20:55:52][WARNING][ssu994jf6je288n87hv8fcvvrj][GUI - Test Project ID : 1]
		E_WARNING
A non-numeric value encountered - in C:\xampp\htdocs\testlink\locale\ja_JP\strings.txt - Line 2046
	[18/Nov/22 20:55:52][WARNING][ssu994jf6je288n87hv8fcvvrj][GUI - Test Project ID : 1]
		E_WARNING
A non-numeric value encountered - in C:\xampp\htdocs\testlink\locale\ja_JP\strings.txt - Line 2047
	[18/Nov/22 20:55:52][WARNING][ssu994jf6je288n87hv8fcvvrj][GUI - Test Project ID : 1]
		E_WARNING
A non-numeric value encountered - in C:\xampp\htdocs\testlink\locale\ja_JP\strings.txt - Line 2047
	[18/Nov/22 20:55:52][WARNING][ssu994jf6je288n87hv8fcvvrj][GUI - Test Project ID : 1]
		E_WARNING
A non-numeric value encountered - in C:\xampp\htdocs\testlink\locale\ja_JP\strings.txt - Line 3265
	[18/Nov/22 20:55:52][WARNING][ssu994jf6je288n87hv8fcvvrj][GUI - Test Project ID : 1]
		E_WARNING
A non-numeric value encountered - in C:\xampp\htdocs\testlink\locale\ja_JP\strings.txt - Line 3265
[<<][5bf717d7ddb0d930883075][DEFAULT][/testlink/lib/usermanagement/userInfo.php][18/Nov/22 20:55:51][18/Nov/22 20:55:52][took 0,919284 secs]
[<<][5bf717fe671f4776178154][DEFAULT][/testlink/lib/usermanagement/userInfo.php][18/Nov/22 20:56:30][18/Nov/22 20:56:30][took 0.021556 secs]
[>>][5bf717fe6cec7006277953][DEFAULT][/testlink/lib/usermanagement/userInfo.php][18/Nov/22 20:56:30]
[<<][5bf717fe6cec7006277953][DEFAULT][/testlink/lib/usermanagement/userInfo.php][18/Nov/22 20:56:30][18/Nov/22 20:56:30][took 0.009152 secs]
[>>][5bf717fe6fadc055138372][DEFAULT][/testlink/lib/usermanagement/userInfo.php][18/Nov/22 20:56:30]
	[18/Nov/22 20:56:30][AUDIT][ssu994jf6je288n87hv8fcvvrj][GUI - Test Project ID : 1]
		Password of user 'admin' was saved
	[18/Nov/22 20:56:30][WARNING][ssu994jf6je288n87hv8fcvvrj][GUI - Test Project ID : 1]
		E_WARNING
A non-numeric value encountered - in C:\xampp\htdocs\testlink\locale\ja_JP\strings.txt - Line 2045
	[18/Nov/22 20:56:30][WARNING][ssu994jf6je288n87hv8fcvvrj][GUI - Test Project ID : 1]
		E_WARNING
A non-numeric value encountered - in C:\xampp\htdocs\testlink\locale\ja_JP\strings.txt - Line 2045
	[18/Nov/22 20:56:30][WARNING][ssu994jf6je288n87hv8fcvvrj][GUI - Test Project ID : 1]
		E_WARNING
A non-numeric value encountered - in C:\xampp\htdocs\testlink\locale\ja_JP\strings.txt - Line 2046
	[18/Nov/22 20:56:30][WARNING][ssu994jf6je288n87hv8fcvvrj][GUI - Test Project ID : 1]
		E_WARNING
A non-numeric value encountered - in C:\xampp\htdocs\testlink\locale\ja_JP\strings.txt - Line 2046
	[18/Nov/22 20:56:30][WARNING][ssu994jf6je288n87hv8fcvvrj][GUI - Test Project ID : 1]
		E_WARNING
A non-numeric value encountered - in C:\xampp\htdocs\testlink\locale\ja_JP\strings.txt - Line 2047
	[18/Nov/22 20:56:30][WARNING][ssu994jf6je288n87hv8fcvvrj][GUI - Test Project ID : 1]
		E_WARNING
A non-numeric value encountered - in C:\xampp\htdocs\testlink\locale\ja_JP\strings.txt - Line 2047
	[18/Nov/22 20:56:31][WARNING][ssu994jf6je288n87hv8fcvvrj][GUI - Test Project ID : 1]
		E_WARNING
A non-numeric value encountered - in C:\xampp\htdocs\testlink\locale\ja_JP\strings.txt - Line 3265
	[18/Nov/22 20:56:31][WARNING][ssu994jf6je288n87hv8fcvvrj][GUI - Test Project ID : 1]
		E_WARNING
A non-numeric value encountered - in C:\xampp\htdocs\testlink\locale\ja_JP\strings.txt - Line 3265
[<<][5bf717fe6fadc055138372][DEFAULT][/testlink/lib/usermanagement/userInfo.php][18/Nov/22 20:56:30][18/Nov/22 20:56:31][took 0,628048 secs]
[<<][5bf7180b64567675041859][DEFAULT][/testlink/lib/usermanagement/userInfo.php][18/Nov/22 20:56:43][18/Nov/22 20:56:43][took 0.021093 secs]
[>>][5bf7180b6a06d339892245][DEFAULT][/testlink/lib/usermanagement/userInfo.php][18/Nov/22 20:56:43]
[<<][5bf7180b6a06d339892245][DEFAULT][/testlink/lib/usermanagement/userInfo.php][18/Nov/22 20:56:43][18/Nov/22 20:56:43][took 0.007692 secs]
[>>][5bf7180b6c6d3235980862][DEFAULT][/testlink/lib/usermanagement/userInfo.php][18/Nov/22 20:56:43]
	[18/Nov/22 20:56:43][AUDIT][ssu994jf6je288n87hv8fcvvrj][GUI - Test Project ID : 1]
		User 'admin' was saved
	[18/Nov/22 20:56:43][WARNING][ssu994jf6je288n87hv8fcvvrj][GUI - Test Project ID : 1]
		E_WARNING
A non-numeric value encountered - in C:\xampp\htdocs\testlink\locale\ja_JP\strings.txt - Line 2045
	[18/Nov/22 20:56:43][WARNING][ssu994jf6je288n87hv8fcvvrj][GUI - Test Project ID : 1]
		E_WARNING
A non-numeric value encountered - in C:\xampp\htdocs\testlink\locale\ja_JP\strings.txt - Line 2045
	[18/Nov/22 20:56:43][WARNING][ssu994jf6je288n87hv8fcvvrj][GUI - Test Project ID : 1]
		E_WARNING
A non-numeric value encountered - in C:\xampp\htdocs\testlink\locale\ja_JP\strings.txt - Line 2046
	[18/Nov/22 20:56:43][WARNING][ssu994jf6je288n87hv8fcvvrj][GUI - Test Project ID : 1]
		E_WARNING
A non-numeric value encountered - in C:\xampp\htdocs\testlink\locale\ja_JP\strings.txt - Line 2046
	[18/Nov/22 20:56:43][WARNING][ssu994jf6je288n87hv8fcvvrj][GUI - Test Project ID : 1]
		E_WARNING
A non-numeric value encountered - in C:\xampp\htdocs\testlink\locale\ja_JP\strings.txt - Line 2047
	[18/Nov/22 20:56:44][WARNING][ssu994jf6je288n87hv8fcvvrj][GUI - Test Project ID : 1]
		E_WARNING
A non-numeric value encountered - in C:\xampp\htdocs\testlink\locale\ja_JP\strings.txt - Line 2047
	[18/Nov/22 20:56:44][WARNING][ssu994jf6je288n87hv8fcvvrj][GUI - Test Project ID : 1]
		E_WARNING
A non-numeric value encountered - in C:\xampp\htdocs\testlink\locale\ja_JP\strings.txt - Line 3265
	[18/Nov/22 20:56:44][WARNING][ssu994jf6je288n87hv8fcvvrj][GUI - Test Project ID : 1]
		E_WARNING
A non-numeric value encountered - in C:\xampp\htdocs\testlink\locale\ja_JP\strings.txt - Line 3265
[<<][5bf7180b6c6d3235980862][DEFAULT][/testlink/lib/usermanagement/userInfo.php][18/Nov/22 20:56:43][18/Nov/22 20:56:44][took 0,707383 secs]
[<<][5bf7180ce9c03659051569][DEFAULT][/testlink/lib/general/navBar.php][18/Nov/22 20:56:44][18/Nov/22 20:56:44][took 0.012176 secs]
[>>][5bf7180ced4a9531059535][DEFAULT][/testlink/lib/general/navBar.php][18/Nov/22 20:56:44]
[<<][5bf7180ced4a9531059535][DEFAULT][/testlink/lib/general/navBar.php][18/Nov/22 20:56:44][18/Nov/22 20:56:44][took 0.0088549999999999 secs]
[>>][5bf7180cf0085502439880][DEFAULT][/testlink/lib/general/navBar.php][18/Nov/22 20:56:44]
[<<][5bf7180cf0085502439880][DEFAULT][/testlink/lib/general/navBar.php][18/Nov/22 20:56:44][18/Nov/22 20:56:45][took 0.01566 secs]
[<<][5bf71810f3834603437693][DEFAULT][/testlink/lib/usermanagement/userInfo.php][18/Nov/22 20:56:48][18/Nov/22 20:56:49][took 0.021638 secs]
[>>][5bf71811052ee533509759][DEFAULT][/testlink/lib/usermanagement/userInfo.php][18/Nov/22 20:56:49]
[<<][5bf71811052ee533509759][DEFAULT][/testlink/lib/usermanagement/userInfo.php][18/Nov/22 20:56:49][18/Nov/22 20:56:49][took 0.007793 secs]
[>>][5bf71811079a4906719843][DEFAULT][/testlink/lib/usermanagement/userInfo.php][18/Nov/22 20:56:49]
[<<][5bf71811079a4906719843][DEFAULT][/testlink/lib/usermanagement/userInfo.php][18/Nov/22 20:56:49][18/Nov/22 20:56:49][took 0.00935 secs]
[>>][5bf718110a60b775878830][DEFAULT][/testlink/lib/usermanagement/userInfo.php][18/Nov/22 20:56:49]
	[18/Nov/22 20:56:49][WARNING][ssu994jf6je288n87hv8fcvvrj][GUI - Test Project ID : 1]
		E_WARNING
A non-numeric value encountered - in C:\xampp\htdocs\testlink\locale\ja_JP\strings.txt - Line 2045
	[18/Nov/22 20:56:49][WARNING][ssu994jf6je288n87hv8fcvvrj][GUI - Test Project ID : 1]
		E_WARNING
A non-numeric value encountered - in C:\xampp\htdocs\testlink\locale\ja_JP\strings.txt - Line 2045
	[18/Nov/22 20:56:49][WARNING][ssu994jf6je288n87hv8fcvvrj][GUI - Test Project ID : 1]
		E_WARNING
A non-numeric value encountered - in C:\xampp\htdocs\testlink\locale\ja_JP\strings.txt - Line 2046
	[18/Nov/22 20:56:49][WARNING][ssu994jf6je288n87hv8fcvvrj][GUI - Test Project ID : 1]
		E_WARNING
A non-numeric value encountered - in C:\xampp\htdocs\testlink\locale\ja_JP\strings.txt - Line 2046
	[18/Nov/22 20:56:49][WARNING][ssu994jf6je288n87hv8fcvvrj][GUI - Test Project ID : 1]
		E_WARNING
A non-numeric value encountered - in C:\xampp\htdocs\testlink\locale\ja_JP\strings.txt - Line 2047
	[18/Nov/22 20:56:49][WARNING][ssu994jf6je288n87hv8fcvvrj][GUI - Test Project ID : 1]
		E_WARNING
A non-numeric value encountered - in C:\xampp\htdocs\testlink\locale\ja_JP\strings.txt - Line 2047
	[18/Nov/22 20:56:49][WARNING][ssu994jf6je288n87hv8fcvvrj][GUI - Test Project ID : 1]
		E_WARNING
A non-numeric value encountered - in C:\xampp\htdocs\testlink\locale\ja_JP\strings.txt - Line 3265
	[18/Nov/22 20:56:49][WARNING][ssu994jf6je288n87hv8fcvvrj][GUI - Test Project ID : 1]
		E_WARNING
A non-numeric value encountered - in C:\xampp\htdocs\testlink\locale\ja_JP\strings.txt - Line 3265
[<<][5bf718110a60b775878830][DEFAULT][/testlink/lib/usermanagement/userInfo.php][18/Nov/22 20:56:49][18/Nov/22 20:56:49][took 0,359827 secs]
[<<][5bf7181e8e5d4638945413][DEFAULT][/testlink/logout.php][18/Nov/22 20:57:02][18/Nov/22 20:57:02][took 0.018719 secs]
[>>][5bf7181e93794899309652][DEFAULT][/testlink/logout.php][18/Nov/22 20:57:02]
[<<][5bf7181e93794899309652][DEFAULT][/testlink/logout.php][18/Nov/22 20:57:02][18/Nov/22 20:57:02][took 0.010232 secs]
[>>][5bf7181e96881018722680][DEFAULT][/testlink/logout.php][18/Nov/22 20:57:02]
	[18/Nov/22 20:57:02][AUDIT][ssu994jf6je288n87hv8fcvvrj][GUI - Test Project ID : 1]
		Logout of 'admin'
	[18/Nov/22 20:57:08][AUDIT][ssu994jf6je288n87hv8fcvvrj][GUI - Test Project ID : 1]
		Login for 'admin' from '::1' succeeded
[<<][5bf718248ff6a774380795][DEFAULT][/testlink/login.php][18/Nov/22 20:57:08][18/Nov/22 20:57:08][took 0.13507 secs]
[<<][5bf71825085ee365545302][DEFAULT][/testlink/index.php][18/Nov/22 20:57:09][18/Nov/22 20:57:09][took 0.014508 secs]
[>>][5bf718250caee769821575][DEFAULT][/testlink/index.php][18/Nov/22 20:57:09]
[<<][5bf718250caee769821575][DEFAULT][/testlink/index.php][18/Nov/22 20:57:09][18/Nov/22 20:57:09][took 0.00829 secs]
[<<][5bf71825521f1453425345][DEFAULT][/testlink/lib/general/navBar.php][18/Nov/22 20:57:09][18/Nov/22 20:57:09][took 0.015379 secs]
[>>][5bf71825569f0344760558][DEFAULT][/testlink/lib/general/navBar.php][18/Nov/22 20:57:09]
[<<][5bf71825569f0344760558][DEFAULT][/testlink/lib/general/navBar.php][18/Nov/22 20:57:09][18/Nov/22 20:57:09][took 0.010051 secs]
[>>][5bf7182559fc1719063439][DEFAULT][/testlink/lib/general/navBar.php][18/Nov/22 20:57:09]
[<<][5bf7182559fc1719063439][DEFAULT][/testlink/lib/general/navBar.php][18/Nov/22 20:57:09][18/Nov/22 20:57:09][took 0.019631 secs]
[<<][5bf7182553965844839315][DEFAULT][/testlink/lib/general/mainPage.php][18/Nov/22 20:57:09][18/Nov/22 20:57:09][took 0.01218 secs]
[>>][5bf718256a283059651799][DEFAULT][/testlink/lib/general/mainPage.php][18/Nov/22 20:57:09]
[<<][5bf718256a283059651799][DEFAULT][/testlink/lib/general/mainPage.php][18/Nov/22 20:57:09][18/Nov/22 20:57:09][took 0.008239 secs]
[>>][5bf718256caa7485529426][DEFAULT][/testlink/lib/general/mainPage.php][18/Nov/22 20:57:09]
[<<][5bf718256caa7485529426][DEFAULT][/testlink/lib/general/mainPage.php][18/Nov/22 20:57:09][18/Nov/22 20:57:09][took 0.404811 secs]
[<<][5bf7188e7438c583909079][DEFAULT][/testlink/index.php][18/Nov/22 20:58:54][18/Nov/22 20:58:54][took 0.022282 secs]
[>>][5bf7188e7a3b9732887112][DEFAULT][/testlink/index.php][18/Nov/22 20:58:54]
[<<][5bf7188e7a3b9732887112][DEFAULT][/testlink/index.php][18/Nov/22 20:58:54][18/Nov/22 20:58:54][took 0.0090249999999999 secs]
[<<][5bf7188eca0c8537424406][DEFAULT][/testlink/lib/general/navBar.php][18/Nov/22 20:58:54][18/Nov/22 20:58:54][took 0.013435 secs]
[>>][5bf7188ece2c9691900965][DEFAULT][/testlink/lib/general/navBar.php][18/Nov/22 20:58:54]
[<<][5bf7188ece2c9691900965][DEFAULT][/testlink/lib/general/navBar.php][18/Nov/22 20:58:54][18/Nov/22 20:58:54][took 0.008293 secs]
[>>][5bf7188ed1824284073052][DEFAULT][/testlink/lib/general/navBar.php][18/Nov/22 20:58:54]
[<<][5bf7188ed1824284073052][DEFAULT][/testlink/lib/general/navBar.php][18/Nov/22 20:58:54][18/Nov/22 20:58:54][took 0.027141 secs]
[<<][5bf7188ecb63a424524023][DEFAULT][/testlink/lib/general/mainPage.php][18/Nov/22 20:58:54][18/Nov/22 20:58:54][took 0.055802 secs]
[>>][5bf7188edd784346237197][DEFAULT][/testlink/lib/general/mainPage.php][18/Nov/22 20:58:54]
[<<][5bf7188edd784346237197][DEFAULT][/testlink/lib/general/mainPage.php][18/Nov/22 20:58:54][18/Nov/22 20:58:54][took 0.0081369999999999 secs]
[>>][5bf7188edff2a343035528][DEFAULT][/testlink/lib/general/mainPage.php][18/Nov/22 20:58:54]
[<<][5bf7188edff2a343035528][DEFAULT][/testlink/lib/general/mainPage.php][18/Nov/22 20:58:54][18/Nov/22 20:58:54][took 0.040855 secs]
[<<][5bf718d6752a5609929917][DEFAULT][/testlink/index.php][18/Nov/22 21:00:06][18/Nov/22 21:00:06][took 0.020846 secs]
[>>][5bf718d67b0a9510533229][DEFAULT][/testlink/index.php][18/Nov/22 21:00:06]
[<<][5bf718d67b0a9510533229][DEFAULT][/testlink/index.php][18/Nov/22 21:00:06][18/Nov/22 21:00:06][took 0.008347 secs]
[<<][5bf718d6c61ec039980423][DEFAULT][/testlink/lib/general/navBar.php][18/Nov/22 21:00:06][18/Nov/22 21:00:06][took 0.015719 secs]
[>>][5bf718d6cabdf638560441][DEFAULT][/testlink/lib/general/navBar.php][18/Nov/22 21:00:06]
[<<][5bf718d6cabdf638560441][DEFAULT][/testlink/lib/general/navBar.php][18/Nov/22 21:00:06][18/Nov/22 21:00:06][took 0.010495 secs]
[>>][5bf718d6ce43a936715201][DEFAULT][/testlink/lib/general/navBar.php][18/Nov/22 21:00:06]
[<<][5bf718d6ce43a936715201][DEFAULT][/testlink/lib/general/navBar.php][18/Nov/22 21:00:06][18/Nov/22 21:00:06][took 0.024623 secs]
[<<][5bf718d6c63e9523028388][DEFAULT][/testlink/lib/general/mainPage.php][18/Nov/22 21:00:06][18/Nov/22 21:00:06][took 0.015689 secs]
[>>][5bf718d6db371874569679][DEFAULT][/testlink/lib/general/mainPage.php][18/Nov/22 21:00:06]
[<<][5bf718d6db371874569679][DEFAULT][/testlink/lib/general/mainPage.php][18/Nov/22 21:00:06][18/Nov/22 21:00:06][took 0.016182 secs]
[>>][5bf718d6e0193105779449][DEFAULT][/testlink/lib/general/mainPage.php][18/Nov/22 21:00:06]
[<<][5bf718d6e0193105779449][DEFAULT][/testlink/lib/general/mainPage.php][18/Nov/22 21:00:06][18/Nov/22 21:00:06][took 0.022717 secs]
[<<][5bf718de67b66209980536][DEFAULT][/testlink/index.php][18/Nov/22 21:00:14][18/Nov/22 21:00:14][took 0.019905 secs]
[>>][5bf718de6d2c9538080990][DEFAULT][/testlink/index.php][18/Nov/22 21:00:14]
[<<][5bf718de6d2c9538080990][DEFAULT][/testlink/index.php][18/Nov/22 21:00:14][18/Nov/22 21:00:14][took 0.006542 secs]
[<<][5bf718deea44c229224246][DEFAULT][/testlink/lib/general/navBar.php][18/Nov/22 21:00:14][18/Nov/22 21:00:14][took 0.015277 secs]
[>>][5bf718deeeaa0376117293][DEFAULT][/testlink/lib/general/navBar.php][18/Nov/22 21:00:14]
[<<][5bf718deeeaa0376117293][DEFAULT][/testlink/lib/general/navBar.php][18/Nov/22 21:00:14][18/Nov/22 21:00:14][took 0.0085609999999999 secs]
[>>][5bf718def15c1285672123][DEFAULT][/testlink/lib/general/navBar.php][18/Nov/22 21:00:14]
[<<][5bf718def15c1285672123][DEFAULT][/testlink/lib/general/navBar.php][18/Nov/22 21:00:14][18/Nov/22 21:00:15][took 0.019392 secs]
[<<][5bf718deead33924293534][DEFAULT][/testlink/lib/general/mainPage.php][18/Nov/22 21:00:14][18/Nov/22 21:00:15][took 0.05266 secs]
[>>][5bf718df045cc506233884][DEFAULT][/testlink/lib/general/mainPage.php][18/Nov/22 21:00:15]
[<<][5bf718df045cc506233884][DEFAULT][/testlink/lib/general/mainPage.php][18/Nov/22 21:00:15][18/Nov/22 21:00:15][took 0.0093 secs]
[>>][5bf718df0736e359947130][DEFAULT][/testlink/lib/general/mainPage.php][18/Nov/22 21:00:15]
[<<][5bf718df0736e359947130][DEFAULT][/testlink/lib/general/mainPage.php][18/Nov/22 21:00:15][18/Nov/22 21:00:15][took 0.023331 secs]
[<<][5bf718ed287d2060440455][DEFAULT][/testlink/lib/plan/planView.php][18/Nov/22 21:00:29][18/Nov/22 21:00:29][took 0.030341 secs]
[>>][5bf718ed307c0493039091][DEFAULT][/testlink/lib/plan/planView.php][18/Nov/22 21:00:29]
[<<][5bf718ed307c0493039091][DEFAULT][/testlink/lib/plan/planView.php][18/Nov/22 21:00:29][18/Nov/22 21:00:29][took 0.009847 secs]
[>>][5bf718ed339cd192953081][DEFAULT][/testlink/lib/plan/planView.php][18/Nov/22 21:00:29]
[<<][5bf718ed339cd192953081][DEFAULT][/testlink/lib/plan/planView.php][18/Nov/22 21:00:29][18/Nov/22 21:00:29][took 0.143591 secs]
[<<][5bf718f014648477575285][DEFAULT][/testlink/lib/plan/planEdit.php][18/Nov/22 21:00:32][18/Nov/22 21:00:32][took 0.033842 secs]
[>>][5bf718f01d7dd265395238][DEFAULT][/testlink/lib/plan/planEdit.php][18/Nov/22 21:00:32]
[<<][5bf718f01d7dd265395238][DEFAULT][/testlink/lib/plan/planEdit.php][18/Nov/22 21:00:32][18/Nov/22 21:00:32][took 0.010217 secs]
[>>][5bf718f020ad8066242383][DEFAULT][/testlink/lib/plan/planEdit.php][18/Nov/22 21:00:32]
[<<][5bf718f020ad8066242383][DEFAULT][/testlink/lib/plan/planEdit.php][18/Nov/22 21:00:32][18/Nov/22 21:00:32][took 0.306873 secs]
[<<][5bf71926b3e57510625062][DEFAULT][/testlink/lib/plan/planEdit.php][18/Nov/22 21:01:26][18/Nov/22 21:01:26][took 0.028723 secs]
[>>][5bf71926bb786841066236][DEFAULT][/testlink/lib/plan/planEdit.php][18/Nov/22 21:01:26]
[<<][5bf71926bb786841066236][DEFAULT][/testlink/lib/plan/planEdit.php][18/Nov/22 21:01:26][18/Nov/22 21:01:26][took 0.009177 secs]
[>>][5bf71926be448795037533][DEFAULT][/testlink/lib/plan/planEdit.php][18/Nov/22 21:01:26]
	[18/Nov/22 21:01:26][AUDIT][ssu994jf6je288n87hv8fcvvrj][GUI - Test Project ID : 1]
		Test Project 'ArtMarVal' - Test Plan 'Plan de Pruebas AMV' was created
[<<][5bf71926be448795037533][DEFAULT][/testlink/lib/plan/planEdit.php][18/Nov/22 21:01:26][18/Nov/22 21:01:27][took 0.463602 secs]
[<<][5bf7192f499dc547563979][DEFAULT][/testlink/lib/plan/planEdit.php][18/Nov/22 21:01:35][18/Nov/22 21:01:35][took 0.065182 secs]
[>>][5bf7192f5e165518780108][DEFAULT][/testlink/lib/plan/planEdit.php][18/Nov/22 21:01:35]
[<<][5bf7192f5e165518780108][DEFAULT][/testlink/lib/plan/planEdit.php][18/Nov/22 21:01:35][18/Nov/22 21:01:35][took 0.019563 secs]
[>>][5bf7192f63ea4041907111][DEFAULT][/testlink/lib/plan/planEdit.php][18/Nov/22 21:01:35]
[<<][5bf7192f63ea4041907111][DEFAULT][/testlink/lib/plan/planEdit.php][18/Nov/22 21:01:35][18/Nov/22 21:01:35][took 0.134144 secs]
[<<][5bf719353110b933757901][DEFAULT][/testlink/index.php][18/Nov/22 21:01:41][18/Nov/22 21:01:41][took 0.022647 secs]
[>>][5bf71935374f2948289393][DEFAULT][/testlink/index.php][18/Nov/22 21:01:41]
[<<][5bf71935374f2948289393][DEFAULT][/testlink/index.php][18/Nov/22 21:01:41][18/Nov/22 21:01:41][took 0.008801 secs]
[<<][5bf719357e6ea197120766][DEFAULT][/testlink/lib/general/navBar.php][18/Nov/22 21:01:41][18/Nov/22 21:01:41][took 0.015951 secs]
[>>][5bf7193583063565305423][DEFAULT][/testlink/lib/general/navBar.php][18/Nov/22 21:01:41]
[<<][5bf7193583063565305423][DEFAULT][/testlink/lib/general/navBar.php][18/Nov/22 21:01:41][18/Nov/22 21:01:41][took 0.00875 secs]
[>>][5bf7193585bd9931936025][DEFAULT][/testlink/lib/general/navBar.php][18/Nov/22 21:01:41]
[<<][5bf7193585bd9931936025][DEFAULT][/testlink/lib/general/navBar.php][18/Nov/22 21:01:41][18/Nov/22 21:01:41][took 0.020486 secs]
[<<][5bf719357e90b619520190][DEFAULT][/testlink/lib/general/mainPage.php][18/Nov/22 21:01:41][18/Nov/22 21:01:41][took 0.055163 secs]
[>>][5bf719358d2e0116997125][DEFAULT][/testlink/lib/general/mainPage.php][18/Nov/22 21:01:41]
[<<][5bf719358d2e0116997125][DEFAULT][/testlink/lib/general/mainPage.php][18/Nov/22 21:01:41][18/Nov/22 21:01:41][took 0.020994 secs]
[>>][5bf71935932f4530485458][DEFAULT][/testlink/lib/general/mainPage.php][18/Nov/22 21:01:41]
[<<][5bf71935932f4530485458][DEFAULT][/testlink/lib/general/mainPage.php][18/Nov/22 21:01:41][18/Nov/22 21:01:41][took 0.073814 secs]
[<<][5bf7194ac3b21136215900][DEFAULT][/testlink/lib/project/projectView.php][18/Nov/22 21:02:02][18/Nov/22 21:02:02][took 0.036579 secs]
[>>][5bf7194acd7b2795008558][DEFAULT][/testlink/lib/project/projectView.php][18/Nov/22 21:02:02]
[<<][5bf7194acd7b2795008558][DEFAULT][/testlink/lib/project/projectView.php][18/Nov/22 21:02:02][18/Nov/22 21:02:02][took 0.010318 secs]
[>>][5bf7194ad0b49034111373][DEFAULT][/testlink/lib/project/projectView.php][18/Nov/22 21:02:02]
[<<][5bf7194ad0b49034111373][DEFAULT][/testlink/lib/project/projectView.php][18/Nov/22 21:02:02][18/Nov/22 21:02:02][took 0.034034 secs]
[<<][5bf7194e37393015017138][DEFAULT][/testlink/lib/general/mainPage.php][18/Nov/22 21:02:06][18/Nov/22 21:02:06][took 0.018439 secs]
[>>][5bf7194e3c42b366644605][DEFAULT][/testlink/lib/general/mainPage.php][18/Nov/22 21:02:06]
[<<][5bf7194e3c42b366644605][DEFAULT][/testlink/lib/general/mainPage.php][18/Nov/22 21:02:06][18/Nov/22 21:02:06][took 0.008862 secs]
[>>][5bf7194e3ef0b820364157][DEFAULT][/testlink/lib/general/mainPage.php][18/Nov/22 21:02:06]
[<<][5bf7194e3ef0b820364157][DEFAULT][/testlink/lib/general/mainPage.php][18/Nov/22 21:02:06][18/Nov/22 21:02:06][took 0.039111 secs]
[<<][5bf7195084683599287666][DEFAULT][/testlink/lib/usermanagement/usersAssign.php][18/Nov/22 21:02:08][18/Nov/22 21:02:08][took 0.012446 secs]
[>>][5bf7195087f60873926380][DEFAULT][/testlink/lib/usermanagement/usersAssign.php][18/Nov/22 21:02:08]
[<<][5bf7195087f60873926380][DEFAULT][/testlink/lib/usermanagement/usersAssign.php][18/Nov/22 21:02:08][18/Nov/22 21:02:08][took 0.010051 secs]
[>>][5bf719508af6a563166700][DEFAULT][/testlink/lib/usermanagement/usersAssign.php][18/Nov/22 21:02:08]
[<<][5bf719508af6a563166700][DEFAULT][/testlink/lib/usermanagement/usersAssign.php][18/Nov/22 21:02:08][18/Nov/22 21:02:08][took 0.187714 secs]
[<<][5bf71955859ed330662356][DEFAULT][/testlink/lib/general/mainPage.php][18/Nov/22 21:02:13][18/Nov/22 21:02:13][took 0.021755 secs]
[>>][5bf719558b800329668863][DEFAULT][/testlink/lib/general/mainPage.php][18/Nov/22 21:02:13]
[<<][5bf719558b800329668863][DEFAULT][/testlink/lib/general/mainPage.php][18/Nov/22 21:02:13][18/Nov/22 21:02:13][took 0.0089779999999999 secs]
[>>][5bf719558e355126225177][DEFAULT][/testlink/lib/general/mainPage.php][18/Nov/22 21:02:13]
[<<][5bf719558e355126225177][DEFAULT][/testlink/lib/general/mainPage.php][18/Nov/22 21:02:13][18/Nov/22 21:02:13][took 0.033508 secs]
[<<][5bf7195a1eeb8008314200][DEFAULT][/testlink/lib/usermanagement/usersView.php][18/Nov/22 21:02:18][18/Nov/22 21:02:18][took 0.026626 secs]
[>>][5bf7195a266c2006942947][DEFAULT][/testlink/lib/usermanagement/usersView.php][18/Nov/22 21:02:18]
[<<][5bf7195a266c2006942947][DEFAULT][/testlink/lib/usermanagement/usersView.php][18/Nov/22 21:02:18][18/Nov/22 21:02:18][took 0.01331 secs]
[>>][5bf7195a2a38d807350376][DEFAULT][/testlink/lib/usermanagement/usersView.php][18/Nov/22 21:02:18]
[<<][5bf7195a2a38d807350376][DEFAULT][/testlink/lib/usermanagement/usersView.php][18/Nov/22 21:02:18][18/Nov/22 21:02:18][took 0.156694 secs]
[<<][5bf7195fbbea2512447585][DEFAULT][/testlink/lib/general/mainPage.php][18/Nov/22 21:02:23][18/Nov/22 21:02:23][took 0.018862 secs]
[>>][5bf7195fc107c895498885][DEFAULT][/testlink/lib/general/mainPage.php][18/Nov/22 21:02:23]
[<<][5bf7195fc107c895498885][DEFAULT][/testlink/lib/general/mainPage.php][18/Nov/22 21:02:23][18/Nov/22 21:02:23][took 0.009613 secs]
[>>][5bf7195fc3ea0307482616][DEFAULT][/testlink/lib/general/mainPage.php][18/Nov/22 21:02:23]
[<<][5bf7195fc3ea0307482616][DEFAULT][/testlink/lib/general/mainPage.php][18/Nov/22 21:02:23][18/Nov/22 21:02:23][took 0.033324 secs]
[<<][5bf719634a8a3672441505][DEFAULT][/lib/cfields/cfieldsTprojectAssign.php][18/Nov/22 21:02:27][18/Nov/22 21:02:27][took 0.030655 secs]
[>>][5bf7196352ad1860419255][DEFAULT][/lib/cfields/cfieldsTprojectAssign.php][18/Nov/22 21:02:27]
[<<][5bf7196352ad1860419255][DEFAULT][/lib/cfields/cfieldsTprojectAssign.php][18/Nov/22 21:02:27][18/Nov/22 21:02:27][took 0.009669 secs]
[>>][5bf719635599e510436436][DEFAULT][/lib/cfields/cfieldsTprojectAssign.php][18/Nov/22 21:02:27]
[<<][5bf719635599e510436436][DEFAULT][/lib/cfields/cfieldsTprojectAssign.php][18/Nov/22 21:02:27][18/Nov/22 21:02:27][took 0.110177 secs]
[<<][5bf719663d1c5948122835][DEFAULT][/testlink/lib/general/mainPage.php][18/Nov/22 21:02:30][18/Nov/22 21:02:30][took 0.020549 secs]
[>>][5bf7196642a90550824316][DEFAULT][/testlink/lib/general/mainPage.php][18/Nov/22 21:02:30]
[<<][5bf7196642a90550824316][DEFAULT][/testlink/lib/general/mainPage.php][18/Nov/22 21:02:30][18/Nov/22 21:02:30][took 0.008834 secs]
[>>][5bf71966455d9078359877][DEFAULT][/testlink/lib/general/mainPage.php][18/Nov/22 21:02:30]
[<<][5bf71966455d9078359877][DEFAULT][/testlink/lib/general/mainPage.php][18/Nov/22 21:02:30][18/Nov/22 21:02:30][took 0.034742 secs]
[<<][5bf7196922e9f733783978][DEFAULT][/testlink/lib/keywords/keywordsView.php][18/Nov/22 21:02:33][18/Nov/22 21:02:33][took 0.025065 secs]
[>>][5bf719692993e656896404][DEFAULT][/testlink/lib/keywords/keywordsView.php][18/Nov/22 21:02:33]
[<<][5bf719692993e656896404][DEFAULT][/testlink/lib/keywords/keywordsView.php][18/Nov/22 21:02:33][18/Nov/22 21:02:33][took 0.009785 secs]
[>>][5bf719692c89e133607767][DEFAULT][/testlink/lib/keywords/keywordsView.php][18/Nov/22 21:02:33]
[<<][5bf719692c89e133607767][DEFAULT][/testlink/lib/keywords/keywordsView.php][18/Nov/22 21:02:33][18/Nov/22 21:02:33][took 0.185275 secs]
[<<][5bf7199b35bb0885878758][DEFAULT][/testlink/lib/keywords/keywordsEdit.php][18/Nov/22 21:03:23][18/Nov/22 21:03:23][took 0.028812 secs]
[>>][5bf7199b3feb0485786819][DEFAULT][/testlink/lib/keywords/keywordsEdit.php][18/Nov/22 21:03:23]
[<<][5bf7199b3feb0485786819][DEFAULT][/testlink/lib/keywords/keywordsEdit.php][18/Nov/22 21:03:23][18/Nov/22 21:03:23][took 0.010315 secs]
[>>][5bf7199b449c6664642974][DEFAULT][/testlink/lib/keywords/keywordsEdit.php][18/Nov/22 21:03:23]
[<<][5bf7199b449c6664642974][DEFAULT][/testlink/lib/keywords/keywordsEdit.php][18/Nov/22 21:03:23][18/Nov/22 21:03:23][took 0.089619 secs]
[<<][5bf7199fea8d6162106019][DEFAULT][/testlink/lib/keywords/keywordsView.php][18/Nov/22 21:03:27][18/Nov/22 21:03:27][took 0.034173 secs]
[>>][5bf719a0009b8993831487][DEFAULT][/testlink/lib/keywords/keywordsView.php][18/Nov/22 21:03:28]
[<<][5bf719a0009b8993831487][DEFAULT][/testlink/lib/keywords/keywordsView.php][18/Nov/22 21:03:28][18/Nov/22 21:03:28][took 0.00927 secs]
[>>][5bf719a0048f1010249114][DEFAULT][/testlink/lib/keywords/keywordsView.php][18/Nov/22 21:03:28]
[<<][5bf719a0048f1010249114][DEFAULT][/testlink/lib/keywords/keywordsView.php][18/Nov/22 21:03:28][18/Nov/22 21:03:28][took 0.022848 secs]
[<<][5bf719a2425b4275122732][DEFAULT][/testlink/lib/keywords/keywordsEdit.php][18/Nov/22 21:03:30][18/Nov/22 21:03:30][took 0.020866 secs]
[>>][5bf719a2491b0330075678][DEFAULT][/testlink/lib/keywords/keywordsEdit.php][18/Nov/22 21:03:30]
[<<][5bf719a2491b0330075678][DEFAULT][/testlink/lib/keywords/keywordsEdit.php][18/Nov/22 21:03:30][18/Nov/22 21:03:30][took 0.009125 secs]
[>>][5bf719a24e5fc736944268][DEFAULT][/testlink/lib/keywords/keywordsEdit.php][18/Nov/22 21:03:30]
[<<][5bf719a24e5fc736944268][DEFAULT][/testlink/lib/keywords/keywordsEdit.php][18/Nov/22 21:03:30][18/Nov/22 21:03:30][took 0.019898 secs]
[<<][5bf719a84fdd4167134210][DEFAULT][/testlink/lib/keywords/keywordsView.php][18/Nov/22 21:03:36][18/Nov/22 21:03:36][took 0.026079 secs]
[>>][5bf719a85a872767159898][DEFAULT][/testlink/lib/keywords/keywordsView.php][18/Nov/22 21:03:36]
[<<][5bf719a85a872767159898][DEFAULT][/testlink/lib/keywords/keywordsView.php][18/Nov/22 21:03:36][18/Nov/22 21:03:36][took 0.008486 secs]
[>>][5bf719a85e614395127185][DEFAULT][/testlink/lib/keywords/keywordsView.php][18/Nov/22 21:03:36]
[<<][5bf719a85e614395127185][DEFAULT][/testlink/lib/keywords/keywordsView.php][18/Nov/22 21:03:36][18/Nov/22 21:03:36][took 0.016951 secs]
[<<][5bf719a9592e7030713447][DEFAULT][/testlink/lib/general/mainPage.php][18/Nov/22 21:03:37][18/Nov/22 21:03:37][took 0.025578 secs]
[>>][5bf719a964f32211642703][DEFAULT][/testlink/lib/general/mainPage.php][18/Nov/22 21:03:37]
[<<][5bf719a964f32211642703][DEFAULT][/testlink/lib/general/mainPage.php][18/Nov/22 21:03:37][18/Nov/22 21:03:37][took 0.012746 secs]
[>>][5bf719a96a9e3332809138][DEFAULT][/testlink/lib/general/mainPage.php][18/Nov/22 21:03:37]
[<<][5bf719a96a9e3332809138][DEFAULT][/testlink/lib/general/mainPage.php][18/Nov/22 21:03:37][18/Nov/22 21:03:37][took 0.047162 secs]
[<<][5bf719adbf2a8551127155][DEFAULT][/testlink/lib/inventory/inventoryView.php][18/Nov/22 21:03:41][18/Nov/22 21:03:41][took 0.034541 secs]
[>>][5bf719adc971c600126276][DEFAULT][/testlink/lib/inventory/inventoryView.php][18/Nov/22 21:03:41]
[<<][5bf719adc971c600126276][DEFAULT][/testlink/lib/inventory/inventoryView.php][18/Nov/22 21:03:41][18/Nov/22 21:03:41][took 0.014569 secs]
[>>][5bf719adceb66551285240][DEFAULT][/testlink/lib/inventory/inventoryView.php][18/Nov/22 21:03:41]
[<<][5bf719adceb66551285240][DEFAULT][/testlink/lib/inventory/inventoryView.php][18/Nov/22 21:03:41][18/Nov/22 21:03:41][took 0.103569 secs]
[<<][5bf719aeb6ad2760224551][DEFAULT][/testlink/lib/inventory/getInventory.php][18/Nov/22 21:03:42][18/Nov/22 21:03:42][took 0.0356 secs]
[>>][5bf719aec1148628335113][DEFAULT][/testlink/lib/inventory/getInventory.php][18/Nov/22 21:03:42]
[<<][5bf719aec1148628335113][DEFAULT][/testlink/lib/inventory/getInventory.php][18/Nov/22 21:03:42][18/Nov/22 21:03:42][took 0.0077889999999999 secs]
[>>][5bf719aec5022811995069][DEFAULT][/testlink/lib/inventory/getInventory.php][18/Nov/22 21:03:42]
[<<][5bf719aec5022811995069][DEFAULT][/testlink/lib/inventory/getInventory.php][18/Nov/22 21:03:42][18/Nov/22 21:03:42][took 0.080324 secs]
[<<][5bf719aebda75336128068][DEFAULT][/testlink/lib/ajax/getUsersWithRight.php][18/Nov/22 21:03:42][18/Nov/22 21:03:42][took 0.121659 secs]
[>>][5bf719aedd2fc273475748][DEFAULT][/testlink/lib/ajax/getUsersWithRight.php][18/Nov/22 21:03:42]
[<<][5bf719aedd2fc273475748][DEFAULT][/testlink/lib/ajax/getUsersWithRight.php][18/Nov/22 21:03:42][18/Nov/22 21:03:42][took 0.008031 secs]
[>>][5bf719aee05a9208134155][DEFAULT][/testlink/lib/ajax/getUsersWithRight.php][18/Nov/22 21:03:42]
[<<][5bf719aee05a9208134155][DEFAULT][/testlink/lib/ajax/getUsersWithRight.php][18/Nov/22 21:03:42][18/Nov/22 21:03:42][took 0.003713 secs]
[<<][5bf719d30ca7a923851500][DEFAULT][/testlink/lib/general/mainPage.php][18/Nov/22 21:04:19][18/Nov/22 21:04:19][took 0.020506 secs]
[>>][5bf719d3133f2455956576][DEFAULT][/testlink/lib/general/mainPage.php][18/Nov/22 21:04:19]
[<<][5bf719d3133f2455956576][DEFAULT][/testlink/lib/general/mainPage.php][18/Nov/22 21:04:19][18/Nov/22 21:04:19][took 0.009824 secs]
[>>][5bf719d316b9c992272622][DEFAULT][/testlink/lib/general/mainPage.php][18/Nov/22 21:04:19]
[<<][5bf719d316b9c992272622][DEFAULT][/testlink/lib/general/mainPage.php][18/Nov/22 21:04:19][18/Nov/22 21:04:19][took 0.070787 secs]
[<<][5bf719d5c1c88645727519][DEFAULT][/testlink/lib/general/frmWorkArea.php][18/Nov/22 21:04:21][18/Nov/22 21:04:21][took 0.019802 secs]
[>>][5bf719d5c8bc7779023043][DEFAULT][/testlink/lib/general/frmWorkArea.php][18/Nov/22 21:04:21]
[<<][5bf719d5c8bc7779023043][DEFAULT][/testlink/lib/general/frmWorkArea.php][18/Nov/22 21:04:21][18/Nov/22 21:04:21][took 0.012249 secs]
[>>][5bf719d5cd114139285253][DEFAULT][/testlink/lib/general/frmWorkArea.php][18/Nov/22 21:04:21]
[<<][5bf719d5cd114139285253][DEFAULT][/testlink/lib/general/frmWorkArea.php][18/Nov/22 21:04:21][18/Nov/22 21:04:21][took 0.045301 secs]
[<<][5bf719d628968112906570][DEFAULT][/testlink/lib/testcases/archiveData.php][18/Nov/22 21:04:22][18/Nov/22 21:04:22][took 0.021405 secs]
[>>][5bf719d62f26e675144063][DEFAULT][/testlink/lib/testcases/archiveData.php][18/Nov/22 21:04:22]
[<<][5bf719d62f26e675144063][DEFAULT][/testlink/lib/testcases/archiveData.php][18/Nov/22 21:04:22][18/Nov/22 21:04:22][took 0.011242 secs]
[>>][5bf719d633540237832637][DEFAULT][/testlink/lib/testcases/archiveData.php][18/Nov/22 21:04:22]
[<<][5bf719d633540237832637][DEFAULT][/testlink/lib/testcases/archiveData.php][18/Nov/22 21:04:22][18/Nov/22 21:04:22][took 0.128831 secs]
[<<][5bf719d62506a600513397][DEFAULT][/testlink/lib/testcases/listTestCases.php][18/Nov/22 21:04:22][18/Nov/22 21:04:22][took 0.207454 secs]
[>>][5bf719d658e17938496245][DEFAULT][/testlink/lib/testcases/listTestCases.php][18/Nov/22 21:04:22]
[<<][5bf719d658e17938496245][DEFAULT][/testlink/lib/testcases/listTestCases.php][18/Nov/22 21:04:22][18/Nov/22 21:04:22][took 0.008885 secs]
[>>][5bf719d65d3eb687042403][DEFAULT][/testlink/lib/testcases/listTestCases.php][18/Nov/22 21:04:22]
[<<][5bf719d65d3eb687042403][DEFAULT][/testlink/lib/testcases/listTestCases.php][18/Nov/22 21:04:22][18/Nov/22 21:04:22][took 0.58803 secs]
[<<][5bf719d7b9b77622918894][DEFAULT][/testlink/lib/ajax/gettprojectnodes.php][18/Nov/22 21:04:23][18/Nov/22 21:04:23][took 0.024238 secs]
[>>][5bf719d7c26ec185691499][DEFAULT][/testlink/lib/ajax/gettprojectnodes.php][18/Nov/22 21:04:23]
[<<][5bf719d7c26ec185691499][DEFAULT][/testlink/lib/ajax/gettprojectnodes.php][18/Nov/22 21:04:23][18/Nov/22 21:04:23][took 0.01498 secs]
[>>][5bf719d7c7841694319649][DEFAULT][/testlink/lib/ajax/gettprojectnodes.php][18/Nov/22 21:04:23]
[<<][5bf719d7c7841694319649][DEFAULT][/testlink/lib/ajax/gettprojectnodes.php][18/Nov/22 21:04:23][18/Nov/22 21:04:23][took 0.002802 secs]
[<<][5bf719dc8547f118352638][DEFAULT][/testlink/lib/testcases/archiveData.php][18/Nov/22 21:04:28][18/Nov/22 21:04:28][took 0.028625 secs]
[>>][5bf719dc8e6f4320350664][DEFAULT][/testlink/lib/testcases/archiveData.php][18/Nov/22 21:04:28]
[<<][5bf719dc8e6f4320350664][DEFAULT][/testlink/lib/testcases/archiveData.php][18/Nov/22 21:04:28][18/Nov/22 21:04:28][took 0.012538 secs]
[>>][5bf719dc9405a619489272][DEFAULT][/testlink/lib/testcases/archiveData.php][18/Nov/22 21:04:28]
[<<][5bf719dc9405a619489272][DEFAULT][/testlink/lib/testcases/archiveData.php][18/Nov/22 21:04:28][18/Nov/22 21:04:28][took 0.01974 secs]
[<<][5bf719dfd44e1626513886][DEFAULT][/testlink/lib/testcases/archiveData.php][18/Nov/22 21:04:31][18/Nov/22 21:04:31][took 0.029258 secs]
[>>][5bf719dfddaf9846253737][DEFAULT][/testlink/lib/testcases/archiveData.php][18/Nov/22 21:04:31]
[<<][5bf719dfddaf9846253737][DEFAULT][/testlink/lib/testcases/archiveData.php][18/Nov/22 21:04:31][18/Nov/22 21:04:31][took 0.019667 secs]
[>>][5bf719dfe5b61644030918][DEFAULT][/testlink/lib/testcases/archiveData.php][18/Nov/22 21:04:31]
[<<][5bf719dfe5b61644030918][DEFAULT][/testlink/lib/testcases/archiveData.php][18/Nov/22 21:04:31][18/Nov/22 21:04:31][took 0.026523 secs]
[<<][5bf719e23974c343666220][DEFAULT][/testlink/index.php][18/Nov/22 21:04:34][18/Nov/22 21:04:34][took 0.026176 secs]
[>>][5bf719e2418bc576434747][DEFAULT][/testlink/index.php][18/Nov/22 21:04:34]
[<<][5bf719e2418bc576434747][DEFAULT][/testlink/index.php][18/Nov/22 21:04:34][18/Nov/22 21:04:34][took 0.008596 secs]
[<<][5bf719e2bc3ea223408725][DEFAULT][/testlink/lib/general/navBar.php][18/Nov/22 21:04:34][18/Nov/22 21:04:34][took 0.012759 secs]
[>>][5bf719e2c1009571018141][DEFAULT][/testlink/lib/general/navBar.php][18/Nov/22 21:04:34]
[<<][5bf719e2c1009571018141][DEFAULT][/testlink/lib/general/navBar.php][18/Nov/22 21:04:34][18/Nov/22 21:04:34][took 0.0090129999999999 secs]
[>>][5bf719e2c5c68427124699][DEFAULT][/testlink/lib/general/navBar.php][18/Nov/22 21:04:34]
[<<][5bf719e2c5c68427124699][DEFAULT][/testlink/lib/general/navBar.php][18/Nov/22 21:04:34][18/Nov/22 21:04:34][took 0.019571 secs]
[<<][5bf719e2bdb79174772390][DEFAULT][/testlink/lib/general/mainPage.php][18/Nov/22 21:04:34][18/Nov/22 21:04:34][took 0.059174 secs]
[>>][5bf719e2cf07a437643607][DEFAULT][/testlink/lib/general/mainPage.php][18/Nov/22 21:04:34]
[<<][5bf719e2cf07a437643607][DEFAULT][/testlink/lib/general/mainPage.php][18/Nov/22 21:04:34][18/Nov/22 21:04:34][took 0.009206 secs]
[>>][5bf719e2d4738257085454][DEFAULT][/testlink/lib/general/mainPage.php][18/Nov/22 21:04:34]
[<<][5bf719e2d4738257085454][DEFAULT][/testlink/lib/general/mainPage.php][18/Nov/22 21:04:34][18/Nov/22 21:04:34][took 0.054888 secs]
[<<][5bf719e70039d912317059][DEFAULT][/testlink/lib/plan/buildView.php][18/Nov/22 21:04:39][18/Nov/22 21:04:39][took 0.024429 secs]
[>>][5bf719e707a97101922805][DEFAULT][/testlink/lib/plan/buildView.php][18/Nov/22 21:04:39]
[<<][5bf719e707a97101922805][DEFAULT][/testlink/lib/plan/buildView.php][18/Nov/22 21:04:39][18/Nov/22 21:04:39][took 0.010603 secs]
[>>][5bf719e70bd93202837296][DEFAULT][/testlink/lib/plan/buildView.php][18/Nov/22 21:04:39]
[<<][5bf719e70bd93202837296][DEFAULT][/testlink/lib/plan/buildView.php][18/Nov/22 21:04:39][18/Nov/22 21:04:39][took 0.140902 secs]
[<<][5bf719ef17f08956053809][DEFAULT][/testlink/lib/plan/buildEdit.php][18/Nov/22 21:04:47][18/Nov/22 21:04:47][took 0.030646 secs]
[>>][5bf719ef21518026704600][DEFAULT][/testlink/lib/plan/buildEdit.php][18/Nov/22 21:04:47]
[<<][5bf719ef21518026704600][DEFAULT][/testlink/lib/plan/buildEdit.php][18/Nov/22 21:04:47][18/Nov/22 21:04:47][took 0.009973 secs]
[>>][5bf719ef259ae640962079][DEFAULT][/testlink/lib/plan/buildEdit.php][18/Nov/22 21:04:47]
[<<][5bf719ef259ae640962079][DEFAULT][/testlink/lib/plan/buildEdit.php][18/Nov/22 21:04:47][18/Nov/22 21:04:47][took 0,151547 secs]
[<<][5bf719fcae27f846939777][DEFAULT][/testlink/lib/plan/buildEdit.php][18/Nov/22 21:05:00][18/Nov/22 21:05:00][took 0.026894 secs]
[>>][5bf719fcb6fca495526387][DEFAULT][/testlink/lib/plan/buildEdit.php][18/Nov/22 21:05:00]
[<<][5bf719fcb6fca495526387][DEFAULT][/testlink/lib/plan/buildEdit.php][18/Nov/22 21:05:00][18/Nov/22 21:05:00][took 0.008 secs]
[>>][5bf719fcbaaeb993433463][DEFAULT][/testlink/lib/plan/buildEdit.php][18/Nov/22 21:05:00]
	[18/Nov/22 21:05:01][AUDIT][ssu994jf6je288n87hv8fcvvrj][GUI - Test Project ID : 1]
		Test Project 'ArtMarVal' - Test Plan 'Plan de Pruebas AMV' - Build 'Build 1' was created
[<<][5bf719fcbaaeb993433463][DEFAULT][/testlink/lib/plan/buildEdit.php][18/Nov/22 21:05:00][18/Nov/22 21:05:01][took 1.022861 secs]
[<<][5bf71a001b990563556412][DEFAULT][/testlink/index.php][18/Nov/22 21:05:04][18/Nov/22 21:05:04][took 0.021206 secs]
[>>][5bf71a00223e8769996778][DEFAULT][/testlink/index.php][18/Nov/22 21:05:04]
[<<][5bf71a00223e8769996778][DEFAULT][/testlink/index.php][18/Nov/22 21:05:04][18/Nov/22 21:05:04][took 0.008522 secs]
[<<][5bf71a0092b17730146089][DEFAULT][/testlink/lib/general/navBar.php][18/Nov/22 21:05:04][18/Nov/22 21:05:04][took 0.012257 secs]
[>>][5bf71a0097045107969259][DEFAULT][/testlink/lib/general/navBar.php][18/Nov/22 21:05:04]
[<<][5bf71a0097045107969259][DEFAULT][/testlink/lib/general/navBar.php][18/Nov/22 21:05:04][18/Nov/22 21:05:04][took 0.008686 secs]
[>>][5bf71a009a883071144280][DEFAULT][/testlink/lib/general/navBar.php][18/Nov/22 21:05:04]
[<<][5bf71a009a883071144280][DEFAULT][/testlink/lib/general/navBar.php][18/Nov/22 21:05:04][18/Nov/22 21:05:04][took 0.018699 secs]
[<<][5bf71a0092b7f349225298][DEFAULT][/testlink/lib/general/mainPage.php][18/Nov/22 21:05:04][18/Nov/22 21:05:04][took 0.04074 secs]
[>>][5bf71a00a33b8489414105][DEFAULT][/testlink/lib/general/mainPage.php][18/Nov/22 21:05:04]
[<<][5bf71a00a33b8489414105][DEFAULT][/testlink/lib/general/mainPage.php][18/Nov/22 21:05:04][18/Nov/22 21:05:04][took 0.009657 secs]
[>>][5bf71a00a777c174224284][DEFAULT][/testlink/lib/general/mainPage.php][18/Nov/22 21:05:04]
[<<][5bf71a00a777c174224284][DEFAULT][/testlink/lib/general/mainPage.php][18/Nov/22 21:05:04][18/Nov/22 21:05:04][took 0.047649 secs]
[<<][5bf71a0e37ea3238284599][DEFAULT][/results/tcCreatedPerUserOnTestProject.php][18/Nov/22 21:05:18][18/Nov/22 21:05:18][took 0.049778 secs]
[>>][5bf71a0e456e3003315319][DEFAULT][/results/tcCreatedPerUserOnTestProject.php][18/Nov/22 21:05:18]
[<<][5bf71a0e456e3003315319][DEFAULT][/results/tcCreatedPerUserOnTestProject.php][18/Nov/22 21:05:18][18/Nov/22 21:05:18][took 0.011121 secs]
[>>][5bf71a0e49c99166224713][DEFAULT][/results/tcCreatedPerUserOnTestProject.php][18/Nov/22 21:05:18]
[<<][5bf71a0e49c99166224713][DEFAULT][/results/tcCreatedPerUserOnTestProject.php][18/Nov/22 21:05:18][18/Nov/22 21:05:18][took 0.153982 secs]
[<<][5bf71a10e9319218360948][DEFAULT][/testlink/index.php][18/Nov/22 21:05:20][18/Nov/22 21:05:20][took 0.021307 secs]
[>>][5bf71a10f03c3021896995][DEFAULT][/testlink/index.php][18/Nov/22 21:05:20]
[<<][5bf71a10f03c3021896995][DEFAULT][/testlink/index.php][18/Nov/22 21:05:20][18/Nov/22 21:05:21][took 0.008105 secs]
[<<][5bf71a1144f54120066361][DEFAULT][/testlink/lib/general/mainPage.php][18/Nov/22 21:05:21][18/Nov/22 21:05:21][took 0.019857 secs]
[>>][5bf71a114b16e875721600][DEFAULT][/testlink/lib/general/mainPage.php][18/Nov/22 21:05:21]
[<<][5bf71a114b16e875721600][DEFAULT][/testlink/lib/general/mainPage.php][18/Nov/22 21:05:21][18/Nov/22 21:05:21][took 0.010453 secs]
[>>][5bf71a114ed4f640082306][DEFAULT][/testlink/lib/general/mainPage.php][18/Nov/22 21:05:21]
[<<][5bf71a114ed4f640082306][DEFAULT][/testlink/lib/general/mainPage.php][18/Nov/22 21:05:21][18/Nov/22 21:05:21][took 0.046669 secs]
[<<][5bf71a1144fea913268235][DEFAULT][/testlink/lib/general/navBar.php][18/Nov/22 21:05:21][18/Nov/22 21:05:21][took 0.07932 secs]
[>>][5bf71a115d352400470854][DEFAULT][/testlink/lib/general/navBar.php][18/Nov/22 21:05:21]
[<<][5bf71a115d352400470854][DEFAULT][/testlink/lib/general/navBar.php][18/Nov/22 21:05:21][18/Nov/22 21:05:21][took 0.018496 secs]
[>>][5bf71a11644eb871355664][DEFAULT][/testlink/lib/general/navBar.php][18/Nov/22 21:05:21]
[<<][5bf71a11644eb871355664][DEFAULT][/testlink/lib/general/navBar.php][18/Nov/22 21:05:21][18/Nov/22 21:05:21][took 0.016519 secs]
[<<][5bf71a1396674719108242][DEFAULT][/testlink/lib/general/frmWorkArea.php][18/Nov/22 21:05:23][18/Nov/22 21:05:23][took 0.014904 secs]
[>>][5bf71a139b564373904493][DEFAULT][/testlink/lib/general/frmWorkArea.php][18/Nov/22 21:05:23]
[<<][5bf71a139b564373904493][DEFAULT][/testlink/lib/general/frmWorkArea.php][18/Nov/22 21:05:23][18/Nov/22 21:05:23][took 0.01173 secs]
[>>][5bf71a139f926117851335][DEFAULT][/testlink/lib/general/frmWorkArea.php][18/Nov/22 21:05:23]
[<<][5bf71a139f926117851335][DEFAULT][/testlink/lib/general/frmWorkArea.php][18/Nov/22 21:05:23][18/Nov/22 21:05:23][took 0.006777 secs]
[<<][5bf71a13d360e479355882][DEFAULT][/testlink/lib/testcases/listTestCases.php][18/Nov/22 21:05:23][18/Nov/22 21:05:23][took 0.013216 secs]
[>>][5bf71a13d86aa146903751][DEFAULT][/testlink/lib/testcases/listTestCases.php][18/Nov/22 21:05:23]
[<<][5bf71a13d86aa146903751][DEFAULT][/testlink/lib/testcases/listTestCases.php][18/Nov/22 21:05:23][18/Nov/22 21:05:23][took 0.008847 secs]
[>>][5bf71a13db9e4028877033][DEFAULT][/testlink/lib/testcases/listTestCases.php][18/Nov/22 21:05:23]
[<<][5bf71a13db9e4028877033][DEFAULT][/testlink/lib/testcases/listTestCases.php][18/Nov/22 21:05:23][18/Nov/22 21:05:23][took 0.033336 secs]
[<<][5bf71a13d38a6453025930][DEFAULT][/testlink/lib/testcases/archiveData.php][18/Nov/22 21:05:23][18/Nov/22 21:05:23][took 0.074271 secs]
[>>][5bf71a13e6dac750634155][DEFAULT][/testlink/lib/testcases/archiveData.php][18/Nov/22 21:05:23]
[<<][5bf71a13e6dac750634155][DEFAULT][/testlink/lib/testcases/archiveData.php][18/Nov/22 21:05:23][18/Nov/22 21:05:23][took 0.008745 secs]
[>>][5bf71a13ec395866013738][DEFAULT][/testlink/lib/testcases/archiveData.php][18/Nov/22 21:05:23]
[<<][5bf71a13ec395866013738][DEFAULT][/testlink/lib/testcases/archiveData.php][18/Nov/22 21:05:23][18/Nov/22 21:05:23][took 0.014869 secs]
[<<][5bf71a15285fd341806759][DEFAULT][/testlink/lib/ajax/gettprojectnodes.php][18/Nov/22 21:05:25][18/Nov/22 21:05:25][took 0.017223 secs]
[>>][5bf71a152da7f780827462][DEFAULT][/testlink/lib/ajax/gettprojectnodes.php][18/Nov/22 21:05:25]
[<<][5bf71a152da7f780827462][DEFAULT][/testlink/lib/ajax/gettprojectnodes.php][18/Nov/22 21:05:25][18/Nov/22 21:05:25][took 0.007865 secs]
[>>][5bf71a1530c04061080896][DEFAULT][/testlink/lib/ajax/gettprojectnodes.php][18/Nov/22 21:05:25]
[<<][5bf71a1530c04061080896][DEFAULT][/testlink/lib/ajax/gettprojectnodes.php][18/Nov/22 21:05:25][18/Nov/22 21:05:25][took 0.00279 secs]
[<<][5bf71a1b4b951535691899][DEFAULT][/testlink/lib/testcases/archiveData.php][18/Nov/22 21:05:31][18/Nov/22 21:05:31][took 0.026497 secs]
[>>][5bf71a1b5335d551382426][DEFAULT][/testlink/lib/testcases/archiveData.php][18/Nov/22 21:05:31]
[<<][5bf71a1b5335d551382426][DEFAULT][/testlink/lib/testcases/archiveData.php][18/Nov/22 21:05:31][18/Nov/22 21:05:31][took 0.009178 secs]
[>>][5bf71a1b56e52376376943][DEFAULT][/testlink/lib/testcases/archiveData.php][18/Nov/22 21:05:31]
[<<][5bf71a1b56e52376376943][DEFAULT][/testlink/lib/testcases/archiveData.php][18/Nov/22 21:05:31][18/Nov/22 21:05:31][took 0.019061 secs]
[<<][5bf71a1ece62a444163337][DEFAULT][/testlink/lib/testcases/containerEdit.php][18/Nov/22 21:05:34][18/Nov/22 21:05:34][took 0.02816 secs]
[>>][5bf71a1ed6770670952206][DEFAULT][/testlink/lib/testcases/containerEdit.php][18/Nov/22 21:05:34]
[<<][5bf71a1ed6770670952206][DEFAULT][/testlink/lib/testcases/containerEdit.php][18/Nov/22 21:05:34][18/Nov/22 21:05:34][took 0.009611 secs]
[>>][5bf71a1eda187491020285][DEFAULT][/testlink/lib/testcases/containerEdit.php][18/Nov/22 21:05:34]
[<<][5bf71a1eda187491020285][DEFAULT][/testlink/lib/testcases/containerEdit.php][18/Nov/22 21:05:34][18/Nov/22 21:05:35][took 0.206611 secs]
[<<][5bf71a460edac423707995][DEFAULT][/testlink/index.php][18/Nov/22 21:06:14][18/Nov/22 21:06:14][took 0.031051 secs]
[>>][5bf71a4618155857278161][DEFAULT][/testlink/index.php][18/Nov/22 21:06:14]
[<<][5bf71a4618155857278161][DEFAULT][/testlink/index.php][18/Nov/22 21:06:14][18/Nov/22 21:06:14][took 0.009347 secs]
[<<][5bf71a466213d278038591][DEFAULT][/testlink/lib/general/navBar.php][18/Nov/22 21:06:14][18/Nov/22 21:06:14][took 0.011945 secs]
[>>][5bf71a4666267835606961][DEFAULT][/testlink/lib/general/navBar.php][18/Nov/22 21:06:14]
[<<][5bf71a4666267835606961][DEFAULT][/testlink/lib/general/navBar.php][18/Nov/22 21:06:14][18/Nov/22 21:06:14][took 0.008419 secs]
[>>][5bf71a4669b38986190745][DEFAULT][/testlink/lib/general/navBar.php][18/Nov/22 21:06:14]
[<<][5bf71a4669b38986190745][DEFAULT][/testlink/lib/general/navBar.php][18/Nov/22 21:06:14][18/Nov/22 21:06:14][took 0.01927 secs]
[<<][5bf71a4662a8e962697052][DEFAULT][/testlink/lib/general/mainPage.php][18/Nov/22 21:06:14][18/Nov/22 21:06:14][took 0.053758 secs]
[>>][5bf71a4671931691084489][DEFAULT][/testlink/lib/general/mainPage.php][18/Nov/22 21:06:14]
[<<][5bf71a4671931691084489][DEFAULT][/testlink/lib/general/mainPage.php][18/Nov/22 21:06:14][18/Nov/22 21:06:14][took 0.008356 secs]
[>>][5bf71a4674c56518954095][DEFAULT][/testlink/lib/general/mainPage.php][18/Nov/22 21:06:14]
[<<][5bf71a4674c56518954095][DEFAULT][/testlink/lib/general/mainPage.php][18/Nov/22 21:06:14][18/Nov/22 21:06:14][took 0.049539 secs]
