	[18/Nov/22 20:53:54][AUDIT][ssu994jf6je288n87hv8fcvvrj][GUI]
		Login for 'admin' from '::1' succeeded
	[18/Nov/22 20:55:44][AUDIT][ssu994jf6je288n87hv8fcvvrj][GUI - Test Project ID : 1]
		Test Project 'ArtMarVal' was created
	[18/Nov/22 20:56:30][AUDIT][ssu994jf6je288n87hv8fcvvrj][GUI - Test Project ID : 1]
		Password of user 'admin' was saved
	[18/Nov/22 20:56:43][AUDIT][ssu994jf6je288n87hv8fcvvrj][GUI - Test Project ID : 1]
		User 'admin' was saved
	[18/Nov/22 20:57:02][AUDIT][ssu994jf6je288n87hv8fcvvrj][GUI - Test Project ID : 1]
		Logout of 'admin'
	[18/Nov/22 20:57:08][AUDIT][ssu994jf6je288n87hv8fcvvrj][GUI - Test Project ID : 1]
		Login for 'admin' from '::1' succeeded
	[18/Nov/22 21:01:26][AUDIT][ssu994jf6je288n87hv8fcvvrj][GUI - Test Project ID : 1]
		Test Project 'ArtMarVal' - Test Plan 'Plan de Pruebas AMV' was created
	[18/Nov/22 21:05:01][AUDIT][ssu994jf6je288n87hv8fcvvrj][GUI - Test Project ID : 1]
		Test Project 'ArtMarVal' - Test Plan 'Plan de Pruebas AMV' - Build 'Build 1' was created
	[18/Nov/22 21:10:29][AUDIT][ssu994jf6je288n87hv8fcvvrj][GUI - Test Project ID : 1]
		Keyword 'Critico' was created
	[18/Nov/22 21:10:45][AUDIT][ssu994jf6je288n87hv8fcvvrj][GUI - Test Project ID : 1]
		Keyword 'Alto' was created
	[18/Nov/22 21:11:00][AUDIT][ssu994jf6je288n87hv8fcvvrj][GUI - Test Project ID : 1]
		Keyword 'media' was created
	[18/Nov/22 21:11:15][AUDIT][ssu994jf6je288n87hv8fcvvrj][GUI - Test Project ID : 1]
		Keyword 'baja' was created
	[18/Nov/22 21:34:32][AUDIT][ssu994jf6je288n87hv8fcvvrj][GUI - Test Project ID : 1]
		Keyword 'Alto' was assigned to the Test Case '/ArtMarVal/AMV-Main/AMV-1:Ingreso_pagina' Version '1' 
	[18/Nov/22 21:34:32][AUDIT][ssu994jf6je288n87hv8fcvvrj][GUI - Test Project ID : 1]
		Keyword 'baja' was assigned to the Test Case '/ArtMarVal/AMV-Main/AMV-1:Ingreso_pagina' Version '1' 
	[18/Nov/22 21:34:32][AUDIT][ssu994jf6je288n87hv8fcvvrj][GUI - Test Project ID : 1]
		Keyword 'Critico' was assigned to the Test Case '/ArtMarVal/AMV-Main/AMV-1:Ingreso_pagina' Version '1' 
	[18/Nov/22 21:34:32][AUDIT][ssu994jf6je288n87hv8fcvvrj][GUI - Test Project ID : 1]
		Keyword 'media' was assigned to the Test Case '/ArtMarVal/AMV-Main/AMV-1:Ingreso_pagina' Version '1' 
	[18/Nov/22 21:35:23][AUDIT][ssu994jf6je288n87hv8fcvvrj][GUI - Test Project ID : 1]
		Keyword 'Alto' was assigned to the Test Case '/ArtMarVal/AMV-Main/AMV-2:Titulo_Favicon' Version '1' 
	[18/Nov/22 21:35:23][AUDIT][ssu994jf6je288n87hv8fcvvrj][GUI - Test Project ID : 1]
		Keyword 'baja' was assigned to the Test Case '/ArtMarVal/AMV-Main/AMV-2:Titulo_Favicon' Version '1' 
	[18/Nov/22 21:35:23][AUDIT][ssu994jf6je288n87hv8fcvvrj][GUI - Test Project ID : 1]
		Keyword 'Critico' was assigned to the Test Case '/ArtMarVal/AMV-Main/AMV-2:Titulo_Favicon' Version '1' 
	[18/Nov/22 21:35:23][AUDIT][ssu994jf6je288n87hv8fcvvrj][GUI - Test Project ID : 1]
		Keyword 'media' was assigned to the Test Case '/ArtMarVal/AMV-Main/AMV-2:Titulo_Favicon' Version '1' 
	[18/Nov/22 21:35:49][AUDIT][ssu994jf6je288n87hv8fcvvrj][GUI - Test Project ID : 1]
		Keyword 'Alto' was assigned to the Test Case '/ArtMarVal/AMV-Main/AMV-3:Logo' Version '1' 
	[18/Nov/22 21:35:49][AUDIT][ssu994jf6je288n87hv8fcvvrj][GUI - Test Project ID : 1]
		Keyword 'baja' was assigned to the Test Case '/ArtMarVal/AMV-Main/AMV-3:Logo' Version '1' 
	[18/Nov/22 21:35:49][AUDIT][ssu994jf6je288n87hv8fcvvrj][GUI - Test Project ID : 1]
		Keyword 'Critico' was assigned to the Test Case '/ArtMarVal/AMV-Main/AMV-3:Logo' Version '1' 
	[18/Nov/22 21:35:49][AUDIT][ssu994jf6je288n87hv8fcvvrj][GUI - Test Project ID : 1]
		Keyword 'media' was assigned to the Test Case '/ArtMarVal/AMV-Main/AMV-3:Logo' Version '1' 
	[18/Nov/22 21:36:24][AUDIT][ssu994jf6je288n87hv8fcvvrj][GUI - Test Project ID : 1]
		Keyword 'Alto' was assigned to the Test Case '/ArtMarVal/AMV-Main/AMV-4:Menus' Version '1' 
	[18/Nov/22 21:36:24][AUDIT][ssu994jf6je288n87hv8fcvvrj][GUI - Test Project ID : 1]
		Keyword 'baja' was assigned to the Test Case '/ArtMarVal/AMV-Main/AMV-4:Menus' Version '1' 
	[18/Nov/22 21:36:24][AUDIT][ssu994jf6je288n87hv8fcvvrj][GUI - Test Project ID : 1]
		Keyword 'Critico' was assigned to the Test Case '/ArtMarVal/AMV-Main/AMV-4:Menus' Version '1' 
	[18/Nov/22 21:36:24][AUDIT][ssu994jf6je288n87hv8fcvvrj][GUI - Test Project ID : 1]
		Keyword 'media' was assigned to the Test Case '/ArtMarVal/AMV-Main/AMV-4:Menus' Version '1' 
	[18/Nov/22 21:36:51][AUDIT][ssu994jf6je288n87hv8fcvvrj][GUI - Test Project ID : 1]
		Keyword 'Alto' was assigned to the Test Case '/ArtMarVal/AMV-Main/AMV-5:Imagen_Portada' Version '1' 
	[18/Nov/22 21:36:51][AUDIT][ssu994jf6je288n87hv8fcvvrj][GUI - Test Project ID : 1]
		Keyword 'baja' was assigned to the Test Case '/ArtMarVal/AMV-Main/AMV-5:Imagen_Portada' Version '1' 
	[18/Nov/22 21:36:51][AUDIT][ssu994jf6je288n87hv8fcvvrj][GUI - Test Project ID : 1]
		Keyword 'Critico' was assigned to the Test Case '/ArtMarVal/AMV-Main/AMV-5:Imagen_Portada' Version '1' 
	[18/Nov/22 21:36:51][AUDIT][ssu994jf6je288n87hv8fcvvrj][GUI - Test Project ID : 1]
		Keyword 'media' was assigned to the Test Case '/ArtMarVal/AMV-Main/AMV-5:Imagen_Portada' Version '1' 
	[18/Nov/22 21:37:20][AUDIT][ssu994jf6je288n87hv8fcvvrj][GUI - Test Project ID : 1]
		Keyword 'Alto' was assigned to the Test Case '/ArtMarVal/AMV-Main/AMV-6:Productos' Version '1' 
	[18/Nov/22 21:37:21][AUDIT][ssu994jf6je288n87hv8fcvvrj][GUI - Test Project ID : 1]
		Keyword 'baja' was assigned to the Test Case '/ArtMarVal/AMV-Main/AMV-6:Productos' Version '1' 
	[18/Nov/22 21:37:21][AUDIT][ssu994jf6je288n87hv8fcvvrj][GUI - Test Project ID : 1]
		Keyword 'Critico' was assigned to the Test Case '/ArtMarVal/AMV-Main/AMV-6:Productos' Version '1' 
	[18/Nov/22 21:37:21][AUDIT][ssu994jf6je288n87hv8fcvvrj][GUI - Test Project ID : 1]
		Keyword 'media' was assigned to the Test Case '/ArtMarVal/AMV-Main/AMV-6:Productos' Version '1' 
	[18/Nov/22 21:48:52][AUDIT][ssu994jf6je288n87hv8fcvvrj][GUI - Test Project ID : 1]
		Keyword 'Alto' was assigned to the Test Case '/ArtMarVal/AMV-Main/AMV-7:Subscripcion' Version '1' 
	[18/Nov/22 21:48:52][AUDIT][ssu994jf6je288n87hv8fcvvrj][GUI - Test Project ID : 1]
		Keyword 'baja' was assigned to the Test Case '/ArtMarVal/AMV-Main/AMV-7:Subscripcion' Version '1' 
	[18/Nov/22 21:48:52][AUDIT][ssu994jf6je288n87hv8fcvvrj][GUI - Test Project ID : 1]
		Keyword 'Critico' was assigned to the Test Case '/ArtMarVal/AMV-Main/AMV-7:Subscripcion' Version '1' 
	[18/Nov/22 21:48:52][AUDIT][ssu994jf6je288n87hv8fcvvrj][GUI - Test Project ID : 1]
		Keyword 'media' was assigned to the Test Case '/ArtMarVal/AMV-Main/AMV-7:Subscripcion' Version '1' 
	[18/Nov/22 21:49:27][AUDIT][ssu994jf6je288n87hv8fcvvrj][GUI - Test Project ID : 1]
		Keyword 'Alto' was assigned to the Test Case '/ArtMarVal/AMV-Main/AMV-8:Footer' Version '1' 
	[18/Nov/22 21:49:27][AUDIT][ssu994jf6je288n87hv8fcvvrj][GUI - Test Project ID : 1]
		Keyword 'baja' was assigned to the Test Case '/ArtMarVal/AMV-Main/AMV-8:Footer' Version '1' 
	[18/Nov/22 21:49:28][AUDIT][ssu994jf6je288n87hv8fcvvrj][GUI - Test Project ID : 1]
		Keyword 'Critico' was assigned to the Test Case '/ArtMarVal/AMV-Main/AMV-8:Footer' Version '1' 
	[18/Nov/22 21:49:28][AUDIT][ssu994jf6je288n87hv8fcvvrj][GUI - Test Project ID : 1]
		Keyword 'media' was assigned to the Test Case '/ArtMarVal/AMV-Main/AMV-8:Footer' Version '1' 
	[18/Nov/22 21:50:56][AUDIT][ssu994jf6je288n87hv8fcvvrj][GUI - Test Project ID : 1]
		Keyword 'Alto' was assigned to the Test Case '/ArtMarVal/AMV-Lista/AMV-9:Filtro_Menus' Version '1' 
	[18/Nov/22 21:50:56][AUDIT][ssu994jf6je288n87hv8fcvvrj][GUI - Test Project ID : 1]
		Keyword 'baja' was assigned to the Test Case '/ArtMarVal/AMV-Lista/AMV-9:Filtro_Menus' Version '1' 
	[18/Nov/22 21:50:56][AUDIT][ssu994jf6je288n87hv8fcvvrj][GUI - Test Project ID : 1]
		Keyword 'Critico' was assigned to the Test Case '/ArtMarVal/AMV-Lista/AMV-9:Filtro_Menus' Version '1' 
	[18/Nov/22 21:50:56][AUDIT][ssu994jf6je288n87hv8fcvvrj][GUI - Test Project ID : 1]
		Keyword 'media' was assigned to the Test Case '/ArtMarVal/AMV-Lista/AMV-9:Filtro_Menus' Version '1' 
	[18/Nov/22 21:51:49][AUDIT][ssu994jf6je288n87hv8fcvvrj][GUI - Test Project ID : 1]
		Keyword 'Alto' was assigned to the Test Case '/ArtMarVal/AMV-Lista/AMV-10:Filtro_Categoria' Version '1' 
	[18/Nov/22 21:51:49][AUDIT][ssu994jf6je288n87hv8fcvvrj][GUI - Test Project ID : 1]
		Keyword 'baja' was assigned to the Test Case '/ArtMarVal/AMV-Lista/AMV-10:Filtro_Categoria' Version '1' 
	[18/Nov/22 21:51:49][AUDIT][ssu994jf6je288n87hv8fcvvrj][GUI - Test Project ID : 1]
		Keyword 'Critico' was assigned to the Test Case '/ArtMarVal/AMV-Lista/AMV-10:Filtro_Categoria' Version '1' 
	[18/Nov/22 21:51:49][AUDIT][ssu994jf6je288n87hv8fcvvrj][GUI - Test Project ID : 1]
		Keyword 'media' was assigned to the Test Case '/ArtMarVal/AMV-Lista/AMV-10:Filtro_Categoria' Version '1' 
	[18/Nov/22 21:52:16][AUDIT][ssu994jf6je288n87hv8fcvvrj][GUI - Test Project ID : 1]
		Keyword 'Alto' was assigned to the Test Case '/ArtMarVal/AMV-Lista/AMV-11:Filtro_Precio' Version '1' 
	[18/Nov/22 21:52:17][AUDIT][ssu994jf6je288n87hv8fcvvrj][GUI - Test Project ID : 1]
		Keyword 'baja' was assigned to the Test Case '/ArtMarVal/AMV-Lista/AMV-11:Filtro_Precio' Version '1' 
	[18/Nov/22 21:52:17][AUDIT][ssu994jf6je288n87hv8fcvvrj][GUI - Test Project ID : 1]
		Keyword 'Critico' was assigned to the Test Case '/ArtMarVal/AMV-Lista/AMV-11:Filtro_Precio' Version '1' 
	[18/Nov/22 21:52:17][AUDIT][ssu994jf6je288n87hv8fcvvrj][GUI - Test Project ID : 1]
		Keyword 'media' was assigned to the Test Case '/ArtMarVal/AMV-Lista/AMV-11:Filtro_Precio' Version '1' 
	[18/Nov/22 21:56:06][AUDIT][ssu994jf6je288n87hv8fcvvrj][GUI - Test Project ID : 1]
		Keyword 'Alto' was assigned to the Test Case '/ArtMarVal/AMV-Lista/AMV-12:Titulo_Logo' Version '1' 
	[18/Nov/22 21:56:06][AUDIT][ssu994jf6je288n87hv8fcvvrj][GUI - Test Project ID : 1]
		Keyword 'baja' was assigned to the Test Case '/ArtMarVal/AMV-Lista/AMV-12:Titulo_Logo' Version '1' 
	[18/Nov/22 21:56:06][AUDIT][ssu994jf6je288n87hv8fcvvrj][GUI - Test Project ID : 1]
		Keyword 'Critico' was assigned to the Test Case '/ArtMarVal/AMV-Lista/AMV-12:Titulo_Logo' Version '1' 
	[18/Nov/22 21:56:06][AUDIT][ssu994jf6je288n87hv8fcvvrj][GUI - Test Project ID : 1]
		Keyword 'media' was assigned to the Test Case '/ArtMarVal/AMV-Lista/AMV-12:Titulo_Logo' Version '1' 
	[18/Nov/22 21:56:56][AUDIT][ssu994jf6je288n87hv8fcvvrj][GUI - Test Project ID : 1]
		Keyword 'Alto' was assigned to the Test Case '/ArtMarVal/AMV-Lista/AMV-13:Orden_por' Version '1' 
	[18/Nov/22 21:56:56][AUDIT][ssu994jf6je288n87hv8fcvvrj][GUI - Test Project ID : 1]
		Keyword 'baja' was assigned to the Test Case '/ArtMarVal/AMV-Lista/AMV-13:Orden_por' Version '1' 
	[18/Nov/22 21:56:57][AUDIT][ssu994jf6je288n87hv8fcvvrj][GUI - Test Project ID : 1]
		Keyword 'Critico' was assigned to the Test Case '/ArtMarVal/AMV-Lista/AMV-13:Orden_por' Version '1' 
	[18/Nov/22 21:56:57][AUDIT][ssu994jf6je288n87hv8fcvvrj][GUI - Test Project ID : 1]
		Keyword 'media' was assigned to the Test Case '/ArtMarVal/AMV-Lista/AMV-13:Orden_por' Version '1' 
	[18/Nov/22 21:58:18][AUDIT][ssu994jf6je288n87hv8fcvvrj][GUI - Test Project ID : 1]
		Keyword 'Alto' was assigned to the Test Case '/ArtMarVal/AMV-Lista/AMV-14:Cantidad_lista' Version '1' 
	[18/Nov/22 21:58:18][AUDIT][ssu994jf6je288n87hv8fcvvrj][GUI - Test Project ID : 1]
		Keyword 'baja' was assigned to the Test Case '/ArtMarVal/AMV-Lista/AMV-14:Cantidad_lista' Version '1' 
	[18/Nov/22 21:58:18][AUDIT][ssu994jf6je288n87hv8fcvvrj][GUI - Test Project ID : 1]
		Keyword 'Critico' was assigned to the Test Case '/ArtMarVal/AMV-Lista/AMV-14:Cantidad_lista' Version '1' 
	[18/Nov/22 21:58:18][AUDIT][ssu994jf6je288n87hv8fcvvrj][GUI - Test Project ID : 1]
		Keyword 'media' was assigned to the Test Case '/ArtMarVal/AMV-Lista/AMV-14:Cantidad_lista' Version '1' 
	[18/Nov/22 22:00:09][AUDIT][ssu994jf6je288n87hv8fcvvrj][GUI - Test Project ID : 1]
		Keyword 'Alto' was assigned to the Test Case '/ArtMarVal/AMV-Lista/AMV-15:Navegador_Lista' Version '1' 
	[18/Nov/22 22:00:09][AUDIT][ssu994jf6je288n87hv8fcvvrj][GUI - Test Project ID : 1]
		Keyword 'baja' was assigned to the Test Case '/ArtMarVal/AMV-Lista/AMV-15:Navegador_Lista' Version '1' 
	[18/Nov/22 22:00:09][AUDIT][ssu994jf6je288n87hv8fcvvrj][GUI - Test Project ID : 1]
		Keyword 'Critico' was assigned to the Test Case '/ArtMarVal/AMV-Lista/AMV-15:Navegador_Lista' Version '1' 
	[18/Nov/22 22:00:09][AUDIT][ssu994jf6je288n87hv8fcvvrj][GUI - Test Project ID : 1]
		Keyword 'media' was assigned to the Test Case '/ArtMarVal/AMV-Lista/AMV-15:Navegador_Lista' Version '1' 
	[18/Nov/22 22:01:00][AUDIT][ssu994jf6je288n87hv8fcvvrj][GUI - Test Project ID : 1]
		Keyword 'Alto' was assigned to the Test Case '/ArtMarVal/AMV-Productos/AMV-16:Direccion' Version '1' 
	[18/Nov/22 22:01:00][AUDIT][ssu994jf6je288n87hv8fcvvrj][GUI - Test Project ID : 1]
		Keyword 'baja' was assigned to the Test Case '/ArtMarVal/AMV-Productos/AMV-16:Direccion' Version '1' 
	[18/Nov/22 22:01:00][AUDIT][ssu994jf6je288n87hv8fcvvrj][GUI - Test Project ID : 1]
		Keyword 'Critico' was assigned to the Test Case '/ArtMarVal/AMV-Productos/AMV-16:Direccion' Version '1' 
	[18/Nov/22 22:01:00][AUDIT][ssu994jf6je288n87hv8fcvvrj][GUI - Test Project ID : 1]
		Keyword 'media' was assigned to the Test Case '/ArtMarVal/AMV-Productos/AMV-16:Direccion' Version '1' 
	[18/Nov/22 22:03:21][AUDIT][ssu994jf6je288n87hv8fcvvrj][GUI - Test Project ID : 1]
		Keyword 'Alto' was assigned to the Test Case '/ArtMarVal/AMV-Productos/AMV-17:Galeria_imagen' Version '1' 
	[18/Nov/22 22:03:21][AUDIT][ssu994jf6je288n87hv8fcvvrj][GUI - Test Project ID : 1]
		Keyword 'baja' was assigned to the Test Case '/ArtMarVal/AMV-Productos/AMV-17:Galeria_imagen' Version '1' 
	[18/Nov/22 22:03:21][AUDIT][ssu994jf6je288n87hv8fcvvrj][GUI - Test Project ID : 1]
		Keyword 'Critico' was assigned to the Test Case '/ArtMarVal/AMV-Productos/AMV-17:Galeria_imagen' Version '1' 
	[18/Nov/22 22:03:21][AUDIT][ssu994jf6je288n87hv8fcvvrj][GUI - Test Project ID : 1]
		Keyword 'media' was assigned to the Test Case '/ArtMarVal/AMV-Productos/AMV-17:Galeria_imagen' Version '1' 
	[18/Nov/22 22:03:56][AUDIT][ssu994jf6je288n87hv8fcvvrj][GUI - Test Project ID : 1]
		Keyword 'Alto' was assigned to the Test Case '/ArtMarVal/AMV-Productos/AMV-18:Informacion_producto' Version '1' 
	[18/Nov/22 22:03:56][AUDIT][ssu994jf6je288n87hv8fcvvrj][GUI - Test Project ID : 1]
		Keyword 'baja' was assigned to the Test Case '/ArtMarVal/AMV-Productos/AMV-18:Informacion_producto' Version '1' 
	[18/Nov/22 22:03:56][AUDIT][ssu994jf6je288n87hv8fcvvrj][GUI - Test Project ID : 1]
		Keyword 'Critico' was assigned to the Test Case '/ArtMarVal/AMV-Productos/AMV-18:Informacion_producto' Version '1' 
	[18/Nov/22 22:03:56][AUDIT][ssu994jf6je288n87hv8fcvvrj][GUI - Test Project ID : 1]
		Keyword 'media' was assigned to the Test Case '/ArtMarVal/AMV-Productos/AMV-18:Informacion_producto' Version '1' 
	[18/Nov/22 22:04:17][AUDIT][ssu994jf6je288n87hv8fcvvrj][GUI - Test Project ID : 1]
		Keyword 'Alto' was assigned to the Test Case '/ArtMarVal/AMV-Productos/AMV-19:Carro_deshabilitado' Version '1' 
	[18/Nov/22 22:04:17][AUDIT][ssu994jf6je288n87hv8fcvvrj][GUI - Test Project ID : 1]
		Keyword 'baja' was assigned to the Test Case '/ArtMarVal/AMV-Productos/AMV-19:Carro_deshabilitado' Version '1' 
	[18/Nov/22 22:04:17][AUDIT][ssu994jf6je288n87hv8fcvvrj][GUI - Test Project ID : 1]
		Keyword 'Critico' was assigned to the Test Case '/ArtMarVal/AMV-Productos/AMV-19:Carro_deshabilitado' Version '1' 
	[18/Nov/22 22:04:17][AUDIT][ssu994jf6je288n87hv8fcvvrj][GUI - Test Project ID : 1]
		Keyword 'media' was assigned to the Test Case '/ArtMarVal/AMV-Productos/AMV-19:Carro_deshabilitado' Version '1' 
	[18/Nov/22 22:04:43][AUDIT][ssu994jf6je288n87hv8fcvvrj][GUI - Test Project ID : 1]
		Keyword 'Alto' was assigned to the Test Case '/ArtMarVal/AMV-Productos/AMV-20:Descripcion_Detalles' Version '1' 
	[18/Nov/22 22:04:43][AUDIT][ssu994jf6je288n87hv8fcvvrj][GUI - Test Project ID : 1]
		Keyword 'baja' was assigned to the Test Case '/ArtMarVal/AMV-Productos/AMV-20:Descripcion_Detalles' Version '1' 
	[18/Nov/22 22:04:43][AUDIT][ssu994jf6je288n87hv8fcvvrj][GUI - Test Project ID : 1]
		Keyword 'Critico' was assigned to the Test Case '/ArtMarVal/AMV-Productos/AMV-20:Descripcion_Detalles' Version '1' 
	[18/Nov/22 22:04:43][AUDIT][ssu994jf6je288n87hv8fcvvrj][GUI - Test Project ID : 1]
		Keyword 'media' was assigned to the Test Case '/ArtMarVal/AMV-Productos/AMV-20:Descripcion_Detalles' Version '1' 
	[18/Nov/22 22:05:47][AUDIT][ssu994jf6je288n87hv8fcvvrj][GUI - Test Project ID : 1]
		Keyword 'Alto' was assigned to the Test Case '/ArtMarVal/AMV-Login/Signin/AMV-21:Ingreso_Sin_Cuenta' Version '1' 
	[18/Nov/22 22:05:47][AUDIT][ssu994jf6je288n87hv8fcvvrj][GUI - Test Project ID : 1]
		Keyword 'baja' was assigned to the Test Case '/ArtMarVal/AMV-Login/Signin/AMV-21:Ingreso_Sin_Cuenta' Version '1' 
	[18/Nov/22 22:05:47][AUDIT][ssu994jf6je288n87hv8fcvvrj][GUI - Test Project ID : 1]
		Keyword 'Critico' was assigned to the Test Case '/ArtMarVal/AMV-Login/Signin/AMV-21:Ingreso_Sin_Cuenta' Version '1' 
	[18/Nov/22 22:05:47][AUDIT][ssu994jf6je288n87hv8fcvvrj][GUI - Test Project ID : 1]
		Keyword 'media' was assigned to the Test Case '/ArtMarVal/AMV-Login/Signin/AMV-21:Ingreso_Sin_Cuenta' Version '1' 
	[18/Nov/22 22:06:01][AUDIT][ssu994jf6je288n87hv8fcvvrj][GUI - Test Project ID : 1]
		Keyword 'Alto' was assigned to the Test Case '/ArtMarVal/AMV-Login/Signin/AMV-22:Crear_Cuenta' Version '1' 
	[18/Nov/22 22:06:01][AUDIT][ssu994jf6je288n87hv8fcvvrj][GUI - Test Project ID : 1]
		Keyword 'baja' was assigned to the Test Case '/ArtMarVal/AMV-Login/Signin/AMV-22:Crear_Cuenta' Version '1' 
	[18/Nov/22 22:06:01][AUDIT][ssu994jf6je288n87hv8fcvvrj][GUI - Test Project ID : 1]
		Keyword 'Critico' was assigned to the Test Case '/ArtMarVal/AMV-Login/Signin/AMV-22:Crear_Cuenta' Version '1' 
	[18/Nov/22 22:06:01][AUDIT][ssu994jf6je288n87hv8fcvvrj][GUI - Test Project ID : 1]
		Keyword 'media' was assigned to the Test Case '/ArtMarVal/AMV-Login/Signin/AMV-22:Crear_Cuenta' Version '1' 
	[18/Nov/22 22:06:26][AUDIT][ssu994jf6je288n87hv8fcvvrj][GUI - Test Project ID : 1]
		Keyword 'Alto' was assigned to the Test Case '/ArtMarVal/AMV-Login/Signin/AMV-23:Ingreso_Cuenta' Version '1' 
	[18/Nov/22 22:06:26][AUDIT][ssu994jf6je288n87hv8fcvvrj][GUI - Test Project ID : 1]
		Keyword 'baja' was assigned to the Test Case '/ArtMarVal/AMV-Login/Signin/AMV-23:Ingreso_Cuenta' Version '1' 
	[18/Nov/22 22:06:26][AUDIT][ssu994jf6je288n87hv8fcvvrj][GUI - Test Project ID : 1]
		Keyword 'Critico' was assigned to the Test Case '/ArtMarVal/AMV-Login/Signin/AMV-23:Ingreso_Cuenta' Version '1' 
	[18/Nov/22 22:06:26][AUDIT][ssu994jf6je288n87hv8fcvvrj][GUI - Test Project ID : 1]
		Keyword 'media' was assigned to the Test Case '/ArtMarVal/AMV-Login/Signin/AMV-23:Ingreso_Cuenta' Version '1' 
	[18/Nov/22 22:06:50][AUDIT][ssu994jf6je288n87hv8fcvvrj][GUI - Test Project ID : 1]
		Keyword 'Alto' was assigned to the Test Case '/ArtMarVal/AMV-Login/Signin/AMV-24:Cambio_Contraseña' Version '1' 
	[18/Nov/22 22:06:50][AUDIT][ssu994jf6je288n87hv8fcvvrj][GUI - Test Project ID : 1]
		Keyword 'baja' was assigned to the Test Case '/ArtMarVal/AMV-Login/Signin/AMV-24:Cambio_Contraseña' Version '1' 
	[18/Nov/22 22:06:51][AUDIT][ssu994jf6je288n87hv8fcvvrj][GUI - Test Project ID : 1]
		Keyword 'Critico' was assigned to the Test Case '/ArtMarVal/AMV-Login/Signin/AMV-24:Cambio_Contraseña' Version '1' 
	[18/Nov/22 22:06:51][AUDIT][ssu994jf6je288n87hv8fcvvrj][GUI - Test Project ID : 1]
		Keyword 'media' was assigned to the Test Case '/ArtMarVal/AMV-Login/Signin/AMV-24:Cambio_Contraseña' Version '1' 
	[18/Nov/22 22:41:46][AUDIT][ssu994jf6je288n87hv8fcvvrj][GUI - Test Project ID : 1]
		Keyword 'Alto' was unassigned from Test Case 'Ingreso_pagina'
	[18/Nov/22 22:41:46][AUDIT][ssu994jf6je288n87hv8fcvvrj][GUI - Test Project ID : 1]
		Keyword 'baja' was unassigned from Test Case 'Ingreso_pagina'
	[18/Nov/22 22:41:46][AUDIT][ssu994jf6je288n87hv8fcvvrj][GUI - Test Project ID : 1]
		Keyword 'media' was unassigned from Test Case 'Ingreso_pagina'
	[18/Nov/23 01:13:42][AUDIT][ssu994jf6je288n87hv8fcvvrj][GUI - Test Project ID : 1]
		Keyword 'baja' was unassigned from Test Case 'Titulo_Favicon'
	[18/Nov/23 01:13:42][AUDIT][ssu994jf6je288n87hv8fcvvrj][GUI - Test Project ID : 1]
		Keyword 'Critico' was unassigned from Test Case 'Titulo_Favicon'
	[18/Nov/23 01:13:42][AUDIT][ssu994jf6je288n87hv8fcvvrj][GUI - Test Project ID : 1]
		Keyword 'media' was unassigned from Test Case 'Titulo_Favicon'
	[18/Nov/23 01:18:34][AUDIT][ssu994jf6je288n87hv8fcvvrj][GUI - Test Project ID : 1]
		Keyword 'baja' was unassigned from Test Case 'Logo'
	[18/Nov/23 01:18:34][AUDIT][ssu994jf6je288n87hv8fcvvrj][GUI - Test Project ID : 1]
		Keyword 'Critico' was unassigned from Test Case 'Logo'
	[18/Nov/23 01:18:34][AUDIT][ssu994jf6je288n87hv8fcvvrj][GUI - Test Project ID : 1]
		Keyword 'media' was unassigned from Test Case 'Logo'
	[18/Nov/23 01:22:26][AUDIT][ssu994jf6je288n87hv8fcvvrj][GUI - Test Project ID : 1]
		Keyword 'Alto' was unassigned from Test Case 'Menus'
	[18/Nov/23 01:22:26][AUDIT][ssu994jf6je288n87hv8fcvvrj][GUI - Test Project ID : 1]
		Keyword 'baja' was unassigned from Test Case 'Menus'
	[18/Nov/23 01:22:26][AUDIT][ssu994jf6je288n87hv8fcvvrj][GUI - Test Project ID : 1]
		Keyword 'media' was unassigned from Test Case 'Menus'
	[18/Nov/23 02:25:56][AUDIT][ssu994jf6je288n87hv8fcvvrj][GUI - Test Project ID : 1]
		Keyword 'Alto' was unassigned from Test Case 'Imagen_Portada'
	[18/Nov/23 02:25:56][AUDIT][ssu994jf6je288n87hv8fcvvrj][GUI - Test Project ID : 1]
		Keyword 'baja' was unassigned from Test Case 'Imagen_Portada'
	[18/Nov/23 02:25:56][AUDIT][ssu994jf6je288n87hv8fcvvrj][GUI - Test Project ID : 1]
		Keyword 'Critico' was unassigned from Test Case 'Imagen_Portada'
	[18/Nov/23 02:49:18][AUDIT][ssu994jf6je288n87hv8fcvvrj][GUI - Test Project ID : 1]
		Keyword 'baja' was unassigned from Test Case 'Galeria_Productos'
	[18/Nov/23 02:49:18][AUDIT][ssu994jf6je288n87hv8fcvvrj][GUI - Test Project ID : 1]
		Keyword 'Critico' was unassigned from Test Case 'Galeria_Productos'
	[18/Nov/23 02:49:19][AUDIT][ssu994jf6je288n87hv8fcvvrj][GUI - Test Project ID : 1]
		Keyword 'media' was unassigned from Test Case 'Galeria_Productos'
	[18/Nov/23 03:27:06][AUDIT][ssu994jf6je288n87hv8fcvvrj][GUI - Test Project ID : 1]
		Keyword 'Alto' was unassigned from Test Case 'Subscripcion'
	[18/Nov/23 03:27:07][AUDIT][ssu994jf6je288n87hv8fcvvrj][GUI - Test Project ID : 1]
		Keyword 'Critico' was unassigned from Test Case 'Subscripcion'
	[18/Nov/23 03:27:07][AUDIT][ssu994jf6je288n87hv8fcvvrj][GUI - Test Project ID : 1]
		Keyword 'media' was unassigned from Test Case 'Subscripcion'
	[18/Nov/23 03:37:40][AUDIT][ssu994jf6je288n87hv8fcvvrj][GUI - Test Project ID : 1]
		Keyword 'baja' was unassigned from Test Case 'Footer'
	[18/Nov/23 03:37:41][AUDIT][ssu994jf6je288n87hv8fcvvrj][GUI - Test Project ID : 1]
		Keyword 'Critico' was unassigned from Test Case 'Footer'
	[18/Nov/23 03:37:41][AUDIT][ssu994jf6je288n87hv8fcvvrj][GUI - Test Project ID : 1]
		Keyword 'media' was unassigned from Test Case 'Footer'
	[18/Nov/23 04:01:34][AUDIT][ssu994jf6je288n87hv8fcvvrj][GUI - Test Project ID : 1]
		Keyword 'baja' was unassigned from Test Case 'Filtro_Menus'
	[18/Nov/23 04:01:34][AUDIT][ssu994jf6je288n87hv8fcvvrj][GUI - Test Project ID : 1]
		Keyword 'Critico' was unassigned from Test Case 'Filtro_Menus'
	[18/Nov/23 04:01:34][AUDIT][ssu994jf6je288n87hv8fcvvrj][GUI - Test Project ID : 1]
		Keyword 'media' was unassigned from Test Case 'Filtro_Menus'
	[18/Nov/23 04:21:04][AUDIT][ssu994jf6je288n87hv8fcvvrj][GUI - Test Project ID : 1]
		Keyword 'baja' was unassigned from Test Case 'Filtro_Categoria'
	[18/Nov/23 04:21:04][AUDIT][ssu994jf6je288n87hv8fcvvrj][GUI - Test Project ID : 1]
		Keyword 'Critico' was unassigned from Test Case 'Filtro_Categoria'
	[18/Nov/23 04:21:04][AUDIT][ssu994jf6je288n87hv8fcvvrj][GUI - Test Project ID : 1]
		Keyword 'media' was unassigned from Test Case 'Filtro_Categoria'
	[18/Nov/23 04:29:38][AUDIT][ssu994jf6je288n87hv8fcvvrj][GUI - Test Project ID : 1]
		Keyword 'baja' was unassigned from Test Case 'Filtro_Precio'
	[18/Nov/23 04:29:39][AUDIT][ssu994jf6je288n87hv8fcvvrj][GUI - Test Project ID : 1]
		Keyword 'Critico' was unassigned from Test Case 'Filtro_Precio'
	[18/Nov/23 04:29:39][AUDIT][ssu994jf6je288n87hv8fcvvrj][GUI - Test Project ID : 1]
		Keyword 'media' was unassigned from Test Case 'Filtro_Precio'
	[18/Nov/23 04:34:21][AUDIT][ssu994jf6je288n87hv8fcvvrj][GUI - Test Project ID : 1]
		Keyword 'baja' was unassigned from Test Case 'Titulo_Logo'
	[18/Nov/23 04:34:22][AUDIT][ssu994jf6je288n87hv8fcvvrj][GUI - Test Project ID : 1]
		Keyword 'Critico' was unassigned from Test Case 'Titulo_Logo'
	[18/Nov/23 04:34:22][AUDIT][ssu994jf6je288n87hv8fcvvrj][GUI - Test Project ID : 1]
		Keyword 'media' was unassigned from Test Case 'Titulo_Logo'
	[18/Nov/23 04:45:07][AUDIT][ssu994jf6je288n87hv8fcvvrj][GUI - Test Project ID : 1]
		Keyword 'baja' was unassigned from Test Case 'Orden_por'
	[18/Nov/23 04:45:07][AUDIT][ssu994jf6je288n87hv8fcvvrj][GUI - Test Project ID : 1]
		Keyword 'Critico' was unassigned from Test Case 'Orden_por'
	[18/Nov/23 04:45:07][AUDIT][ssu994jf6je288n87hv8fcvvrj][GUI - Test Project ID : 1]
		Keyword 'media' was unassigned from Test Case 'Orden_por'
	[18/Nov/23 04:53:13][AUDIT][ssu994jf6je288n87hv8fcvvrj][GUI - Test Project ID : 1]
		Keyword 'baja' was unassigned from Test Case 'Cantidad_lista'
	[18/Nov/23 04:53:13][AUDIT][ssu994jf6je288n87hv8fcvvrj][GUI - Test Project ID : 1]
		Keyword 'Critico' was unassigned from Test Case 'Cantidad_lista'
	[18/Nov/23 04:53:13][AUDIT][ssu994jf6je288n87hv8fcvvrj][GUI - Test Project ID : 1]
		Keyword 'media' was unassigned from Test Case 'Cantidad_lista'
	[18/Nov/23 05:00:33][AUDIT][ssu994jf6je288n87hv8fcvvrj][GUI - Test Project ID : 1]
		Keyword 'baja' was unassigned from Test Case 'Navegador_Lista'
	[18/Nov/23 05:00:34][AUDIT][ssu994jf6je288n87hv8fcvvrj][GUI - Test Project ID : 1]
		Keyword 'Critico' was unassigned from Test Case 'Navegador_Lista'
	[18/Nov/23 05:00:34][AUDIT][ssu994jf6je288n87hv8fcvvrj][GUI - Test Project ID : 1]
		Keyword 'media' was unassigned from Test Case 'Navegador_Lista'
	[18/Nov/23 05:19:56][AUDIT][ssu994jf6je288n87hv8fcvvrj][GUI - Test Project ID : 1]
		Logout of 'admin'
	[18/Nov/23 18:14:14][AUDIT][biil210425i0k39jcut41klsrk][GUI - Test Project ID : 1]
		Login for 'admin' from '::1' succeeded
	[18/Nov/23 18:52:55][AUDIT][biil210425i0k39jcut41klsrk][GUI - Test Project ID : 1]
		Keyword 'baja' was unassigned from Test Case 'Direccion'
	[18/Nov/23 18:52:55][AUDIT][biil210425i0k39jcut41klsrk][GUI - Test Project ID : 1]
		Keyword 'Critico' was unassigned from Test Case 'Direccion'
	[18/Nov/23 18:52:55][AUDIT][biil210425i0k39jcut41klsrk][GUI - Test Project ID : 1]
		Keyword 'media' was unassigned from Test Case 'Direccion'
	[18/Nov/23 18:58:40][AUDIT][biil210425i0k39jcut41klsrk][GUI - Test Project ID : 1]
		Keyword 'Alto' was unassigned from Test Case 'Galeria_imagen'
	[18/Nov/23 18:58:40][AUDIT][biil210425i0k39jcut41klsrk][GUI - Test Project ID : 1]
		Keyword 'baja' was unassigned from Test Case 'Galeria_imagen'
	[18/Nov/23 18:58:40][AUDIT][biil210425i0k39jcut41klsrk][GUI - Test Project ID : 1]
		Keyword 'media' was unassigned from Test Case 'Galeria_imagen'
	[18/Nov/23 19:43:40][AUDIT][biil210425i0k39jcut41klsrk][GUI - Test Project ID : 1]
		Keyword 'Alto' was unassigned from Test Case 'Informacion_producto'
	[18/Nov/23 19:43:41][AUDIT][biil210425i0k39jcut41klsrk][GUI - Test Project ID : 1]
		Keyword 'baja' was unassigned from Test Case 'Informacion_producto'
	[18/Nov/23 19:43:41][AUDIT][biil210425i0k39jcut41klsrk][GUI - Test Project ID : 1]
		Keyword 'media' was unassigned from Test Case 'Informacion_producto'
	[18/Nov/23 19:48:51][AUDIT][biil210425i0k39jcut41klsrk][GUI - Test Project ID : 1]
		Keyword 'Alto' was unassigned from Test Case 'Carro_deshabilitado'
	[18/Nov/23 19:48:51][AUDIT][biil210425i0k39jcut41klsrk][GUI - Test Project ID : 1]
		Keyword 'baja' was unassigned from Test Case 'Carro_deshabilitado'
	[18/Nov/23 19:48:51][AUDIT][biil210425i0k39jcut41klsrk][GUI - Test Project ID : 1]
		Keyword 'media' was unassigned from Test Case 'Carro_deshabilitado'
	[18/Nov/23 19:51:43][AUDIT][biil210425i0k39jcut41klsrk][GUI - Test Project ID : 1]
		Keyword 'Alto' was unassigned from Test Case 'Descripcion_Detalles'
	[18/Nov/23 19:51:43][AUDIT][biil210425i0k39jcut41klsrk][GUI - Test Project ID : 1]
		Keyword 'baja' was unassigned from Test Case 'Descripcion_Detalles'
	[18/Nov/23 19:51:43][AUDIT][biil210425i0k39jcut41klsrk][GUI - Test Project ID : 1]
		Keyword 'media' was unassigned from Test Case 'Descripcion_Detalles'
	[18/Nov/23 20:06:55][AUDIT][biil210425i0k39jcut41klsrk][GUI - Test Project ID : 1]
		Keyword 'Alto' was unassigned from Test Case 'Ingreso_Sin_Cuenta'
	[18/Nov/23 20:06:55][AUDIT][biil210425i0k39jcut41klsrk][GUI - Test Project ID : 1]
		Keyword 'baja' was unassigned from Test Case 'Ingreso_Sin_Cuenta'
	[18/Nov/23 20:06:55][AUDIT][biil210425i0k39jcut41klsrk][GUI - Test Project ID : 1]
		Keyword 'media' was unassigned from Test Case 'Ingreso_Sin_Cuenta'
	[18/Nov/23 20:13:19][AUDIT][biil210425i0k39jcut41klsrk][GUI - Test Project ID : 1]
		Keyword 'Alto' was unassigned from Test Case 'Crear_Cuenta'
	[18/Nov/23 20:13:19][AUDIT][biil210425i0k39jcut41klsrk][GUI - Test Project ID : 1]
		Keyword 'baja' was unassigned from Test Case 'Crear_Cuenta'
	[18/Nov/23 20:13:19][AUDIT][biil210425i0k39jcut41klsrk][GUI - Test Project ID : 1]
		Keyword 'media' was unassigned from Test Case 'Crear_Cuenta'
	[18/Nov/23 21:17:24][AUDIT][biil210425i0k39jcut41klsrk][GUI - Test Project ID : 1]
		Keyword 'Alto' was unassigned from Test Case 'Ingreso_Cuenta'
	[18/Nov/23 21:17:24][AUDIT][biil210425i0k39jcut41klsrk][GUI - Test Project ID : 1]
		Keyword 'baja' was unassigned from Test Case 'Ingreso_Cuenta'
	[18/Nov/23 21:17:24][AUDIT][biil210425i0k39jcut41klsrk][GUI - Test Project ID : 1]
		Keyword 'media' was unassigned from Test Case 'Ingreso_Cuenta'
	[18/Nov/23 21:25:13][AUDIT][biil210425i0k39jcut41klsrk][GUI - Test Project ID : 1]
		Keyword 'Alto' was unassigned from Test Case 'Cambio_Contraseña'
	[18/Nov/23 21:25:13][AUDIT][biil210425i0k39jcut41klsrk][GUI - Test Project ID : 1]
		Keyword 'baja' was unassigned from Test Case 'Cambio_Contraseña'
	[18/Nov/23 21:25:13][AUDIT][biil210425i0k39jcut41klsrk][GUI - Test Project ID : 1]
		Keyword 'media' was unassigned from Test Case 'Cambio_Contraseña'
	[18/Nov/23 22:02:02][AUDIT][biil210425i0k39jcut41klsrk][GUI - Test Project ID : 1]
		Keyword 'Alto' was assigned to the Test Case '/ArtMarVal/AMV-Empresa/AMV-25:Envio' Version '1' 
	[18/Nov/23 22:05:44][AUDIT][biil210425i0k39jcut41klsrk][GUI - Test Project ID : 1]
		Keyword 'Alto' was assigned to the Test Case '/ArtMarVal/AMV-Empresa/AMV-26:Aviso_legal' Version '1' 
	[18/Nov/23 22:08:54][AUDIT][biil210425i0k39jcut41klsrk][GUI - Test Project ID : 1]
		Keyword 'Alto' was assigned to the Test Case '/ArtMarVal/AMV-Empresa/AMV-27:Terminos_Condiciones' Version '1' 
	[18/Nov/23 22:17:48][AUDIT][biil210425i0k39jcut41klsrk][GUI - Test Project ID : 1]
		Keyword 'Alto' was assigned to the Test Case '/ArtMarVal/AMV-Empresa/AMV-28:Sobre_Nosotros' Version '1' 
	[18/Nov/23 22:21:23][AUDIT][biil210425i0k39jcut41klsrk][GUI - Test Project ID : 1]
		Keyword 'Alto' was assigned to the Test Case '/ArtMarVal/AMV-Empresa/AMV-29:Pago_Seguro' Version '1' 
	[18/Nov/23 22:30:38][AUDIT][biil210425i0k39jcut41klsrk][GUI - Test Project ID : 1]
		Keyword 'Alto' was assigned to the Test Case '/ArtMarVal/AMV-Empresa/AMV-30:Contacto' Version '1' 
	[18/Nov/23 22:43:09][AUDIT][biil210425i0k39jcut41klsrk][GUI - Test Project ID : 1]
		Keyword 'media' was assigned to the Test Case '/ArtMarVal/AMV-Empresa/AMV-31:Mapa' Version '1' 
	[18/Nov/23 22:51:56][AUDIT][biil210425i0k39jcut41klsrk][GUI - Test Project ID : 1]
		Keyword 'Critico' was assigned to the Test Case '/ArtMarVal/AMV-Empresa/AMV-32:Tiendas' Version '1' 
	[18/Nov/23 23:08:38][AUDIT][7k24j14j1kbpl19agbp0lf9nmr][GUI - Test Project ID : 1]
		Login for 'admin' from '::1' succeeded
	[18/Nov/23 23:12:55][AUDIT][7k24j14j1kbpl19agbp0lf9nmr][GUI - Test Project ID : 1]
		Keyword 'Critico' was assigned to the Test Case '/ArtMarVal/AMV-SuCuenta/AMV-33:Informacion_Personal' Version '1' 
	[18/Nov/23 23:43:29][AUDIT][7k24j14j1kbpl19agbp0lf9nmr][GUI - Test Project ID : 1]
		Keyword 'Alto' was assigned to the Test Case '/ArtMarVal/AMV-SuCuenta/AMV-34:Pedidos' Version '1' 
	[18/Nov/24 00:10:36][AUDIT][7k24j14j1kbpl19agbp0lf9nmr][GUI - Test Project ID : 1]
		Keyword 'Alto' was assigned to the Test Case '/ArtMarVal/AMV-SuCuenta/AMV-35:Facturas' Version '1' 
	[18/Nov/24 00:26:15][AUDIT][7k24j14j1kbpl19agbp0lf9nmr][GUI - Test Project ID : 1]
		Keyword 'Alto' was assigned to the Test Case '/ArtMarVal/AMV-SuCuenta/AMV-36:Direcciones' Version '1' 
	[18/Nov/24 01:26:27][AUDIT][7k24j14j1kbpl19agbp0lf9nmr][GUI - Test Project ID : 1]
		Keyword 'Alto' was assigned to the Test Case '/ArtMarVal/AMV-FooterProductos/AMV-37:Ofertas' Version '1' 
	[18/Nov/24 01:43:38][AUDIT][7k24j14j1kbpl19agbp0lf9nmr][GUI - Test Project ID : 1]
		Keyword 'Alto' was assigned to the Test Case '/ArtMarVal/AMV-FooterProductos/AMV-38:Novedades' Version '1' 
	[18/Nov/24 01:45:33][AUDIT][7k24j14j1kbpl19agbp0lf9nmr][GUI - Test Project ID : 1]
		Keyword 'Alto' was assigned to the Test Case '/ArtMarVal/AMV-FooterProductos/AMV-39:Lo_mas_vendido' Version '1' 
	[18/Nov/24 18:09:53][AUDIT][7k24j14j1kbpl19agbp0lf9nmr][GUI - Test Project ID : 1]
		Login for 'admin' from '::1' succeeded
	[18/Nov/26 02:51:04][AUDIT][ra9f23gi5071gadt3561m2473v][GUI - Test Project ID : 1]
		Login for 'admin' from '::1' succeeded
	[18/Nov/26 03:21:07][AUDIT][d4b6r2963hclr8ql40l36jdg98][GUI - Test Project ID : 1]
		Login for 'admin' from '::1' succeeded
	[18/Nov/26 03:34:22][AUDIT][6f2hal0n7ir6eu2k19ikverk07][GUI - Test Project ID : 1]
		Login for 'admin' from '::1' succeeded
